Detecting C OpenMP failed with the following output:
Change Dir: /Users/movsesyanae/Programming/CMSC858N/Parallel-Suffix-Array/Debug/CMakeFiles/CMakeScratch/TryCompile-GJXiYM

Run Build Command(s):/usr/bin/make -f Makefile cmTC_88361/fast && /Library/Developer/CommandLineTools/usr/bin/make  -f CMakeFiles/cmTC_88361.dir/build.make CMakeFiles/cmTC_88361.dir/build
Building C object CMakeFiles/cmTC_88361.dir/OpenMPTryFlag.c.o
/Library/Developer/CommandLineTools/usr/bin/cc   -fopenmp=libomp -v -arch arm64 -isysroot /Library/Developer/CommandLineTools/SDKs/MacOSX14.4.sdk -MD -MT CMakeFiles/cmTC_88361.dir/OpenMPTryFlag.c.o -MF CMakeFiles/cmTC_88361.dir/OpenMPTryFlag.c.o.d -o CMakeFiles/cmTC_88361.dir/OpenMPTryFlag.c.o -c /Users/movsesyanae/Programming/CMSC858N/Parallel-Suffix-Array/Debug/CMakeFiles/CMakeScratch/TryCompile-GJXiYM/OpenMPTryFlag.c
Apple clang version 15.0.0 (clang-1500.3.9.4)
Target: arm64-apple-darwin23.4.0
Thread model: posix
InstalledDir: /Library/Developer/CommandLineTools/usr/bin
clang: error: unsupported argument 'libomp' to option '-fopenmp='
make[1]: *** [CMakeFiles/cmTC_88361.dir/OpenMPTryFlag.c.o] Error 1
make: *** [cmTC_88361/fast] Error 2



Detecting C OpenMP failed with the following output:
Change Dir: /Users/movsesyanae/Programming/CMSC858N/Parallel-Suffix-Array/Debug/CMakeFiles/CMakeScratch/TryCompile-NtwPcm

Run Build Command(s):/usr/bin/make -f Makefile cmTC_9dc19/fast && /Library/Developer/CommandLineTools/usr/bin/make  -f CMakeFiles/cmTC_9dc19.dir/build.make CMakeFiles/cmTC_9dc19.dir/build
Building C object CMakeFiles/cmTC_9dc19.dir/OpenMPTryFlag.c.o
/Library/Developer/CommandLineTools/usr/bin/cc   -fopenmp=libiomp5 -v -arch arm64 -isysroot /Library/Developer/CommandLineTools/SDKs/MacOSX14.4.sdk -MD -MT CMakeFiles/cmTC_9dc19.dir/OpenMPTryFlag.c.o -MF CMakeFiles/cmTC_9dc19.dir/OpenMPTryFlag.c.o.d -o CMakeFiles/cmTC_9dc19.dir/OpenMPTryFlag.c.o -c /Users/movsesyanae/Programming/CMSC858N/Parallel-Suffix-Array/Debug/CMakeFiles/CMakeScratch/TryCompile-NtwPcm/OpenMPTryFlag.c
Apple clang version 15.0.0 (clang-1500.3.9.4)
Target: arm64-apple-darwin23.4.0
Thread model: posix
InstalledDir: /Library/Developer/CommandLineTools/usr/bin
clang: error: unsupported argument 'libiomp5' to option '-fopenmp='
make[1]: *** [CMakeFiles/cmTC_9dc19.dir/OpenMPTryFlag.c.o] Error 1
make: *** [cmTC_9dc19/fast] Error 2



Detecting C OpenMP failed with the following output:
Change Dir: /Users/movsesyanae/Programming/CMSC858N/Parallel-Suffix-Array/Debug/CMakeFiles/CMakeScratch/TryCompile-7zz9Xt

Run Build Command(s):/usr/bin/make -f Makefile cmTC_a3253/fast && /Library/Developer/CommandLineTools/usr/bin/make  -f CMakeFiles/cmTC_a3253.dir/build.make CMakeFiles/cmTC_a3253.dir/build
Building C object CMakeFiles/cmTC_a3253.dir/OpenMPTryFlag.c.o
/Library/Developer/CommandLineTools/usr/bin/cc   -fopenmp -v -arch arm64 -isysroot /Library/Developer/CommandLineTools/SDKs/MacOSX14.4.sdk -MD -MT CMakeFiles/cmTC_a3253.dir/OpenMPTryFlag.c.o -MF CMakeFiles/cmTC_a3253.dir/OpenMPTryFlag.c.o.d -o CMakeFiles/cmTC_a3253.dir/OpenMPTryFlag.c.o -c /Users/movsesyanae/Programming/CMSC858N/Parallel-Suffix-Array/Debug/CMakeFiles/CMakeScratch/TryCompile-7zz9Xt/OpenMPTryFlag.c
Apple clang version 15.0.0 (clang-1500.3.9.4)
Target: arm64-apple-darwin23.4.0
Thread model: posix
InstalledDir: /Library/Developer/CommandLineTools/usr/bin
clang: error: unsupported option '-fopenmp'
make[1]: *** [CMakeFiles/cmTC_a3253.dir/OpenMPTryFlag.c.o] Error 1
make: *** [cmTC_a3253/fast] Error 2



Detecting C OpenMP failed with the following output:
Change Dir: /Users/movsesyanae/Programming/CMSC858N/Parallel-Suffix-Array/Debug/CMakeFiles/CMakeScratch/TryCompile-yoHo3X

Run Build Command(s):/usr/bin/make -f Makefile cmTC_17f97/fast && /Library/Developer/CommandLineTools/usr/bin/make  -f CMakeFiles/cmTC_17f97.dir/build.make CMakeFiles/cmTC_17f97.dir/build
Building C object CMakeFiles/cmTC_17f97.dir/OpenMPTryFlag.c.o
/Library/Developer/CommandLineTools/usr/bin/cc   -Xclang -fopenmp -v -arch arm64 -isysroot /Library/Developer/CommandLineTools/SDKs/MacOSX14.4.sdk -MD -MT CMakeFiles/cmTC_17f97.dir/OpenMPTryFlag.c.o -MF CMakeFiles/cmTC_17f97.dir/OpenMPTryFlag.c.o.d -o CMakeFiles/cmTC_17f97.dir/OpenMPTryFlag.c.o -c /Users/movsesyanae/Programming/CMSC858N/Parallel-Suffix-Array/Debug/CMakeFiles/CMakeScratch/TryCompile-yoHo3X/OpenMPTryFlag.c
Apple clang version 15.0.0 (clang-1500.3.9.4)
Target: arm64-apple-darwin23.4.0
Thread model: posix
InstalledDir: /Library/Developer/CommandLineTools/usr/bin
 "/Library/Developer/CommandLineTools/usr/bin/clang" -cc1 -triple arm64-apple-macosx14.0.0 -Wundef-prefix=TARGET_OS_ -Wdeprecated-objc-isa-usage -Werror=deprecated-objc-isa-usage -Werror=implicit-function-declaration -emit-obj -mrelax-all --mrelax-relocations -disable-free -clear-ast-before-backend -disable-llvm-verifier -discard-value-names -main-file-name OpenMPTryFlag.c -mrelocation-model pic -pic-level 2 -mframe-pointer=non-leaf -fno-strict-return -ffp-contract=on -fno-rounding-math -funwind-tables=1 -fobjc-msgsend-selector-stubs -target-sdk-version=14.4 -fvisibility-inlines-hidden-static-local-var -target-cpu apple-m1 -target-feature +v8.5a -target-feature +crc -target-feature +lse -target-feature +rdm -target-feature +crypto -target-feature +dotprod -target-feature +fp-armv8 -target-feature +neon -target-feature +fp16fml -target-feature +ras -target-feature +rcpc -target-feature +zcm -target-feature +zcz -target-feature +fullfp16 -target-feature +sm4 -target-feature +sha3 -target-feature +sha2 -target-feature +aes -target-abi darwinpcs -debugger-tuning=lldb -target-linker-version 1053.12 -v -fcoverage-compilation-dir=/Users/movsesyanae/Programming/CMSC858N/Parallel-Suffix-Array/Debug/CMakeFiles/CMakeScratch/TryCompile-yoHo3X -resource-dir /Library/Developer/CommandLineTools/usr/lib/clang/15.0.0 -dependency-file CMakeFiles/cmTC_17f97.dir/OpenMPTryFlag.c.o.d -skip-unused-modulemap-deps -MT CMakeFiles/cmTC_17f97.dir/OpenMPTryFlag.c.o -sys-header-deps -isysroot /Library/Developer/CommandLineTools/SDKs/MacOSX14.4.sdk -internal-isystem /Library/Developer/CommandLineTools/SDKs/MacOSX14.4.sdk/usr/local/include -internal-isystem /Library/Developer/CommandLineTools/usr/lib/clang/15.0.0/include -internal-externc-isystem /Library/Developer/CommandLineTools/SDKs/MacOSX14.4.sdk/usr/include -internal-externc-isystem /Library/Developer/CommandLineTools/usr/include -Wno-reorder-init-list -Wno-implicit-int-float-conversion -Wno-c99-designator -Wno-final-dtor-non-final-class -Wno-extra-semi-stmt -Wno-misleading-indentation -Wno-quoted-include-in-framework-header -Wno-implicit-fallthrough -Wno-enum-enum-conversion -Wno-enum-float-conversion -Wno-elaborated-enum-base -Wno-reserved-identifier -Wno-gnu-folding-constant -fdebug-compilation-dir=/Users/movsesyanae/Programming/CMSC858N/Parallel-Suffix-Array/Debug/CMakeFiles/CMakeScratch/TryCompile-yoHo3X -ferror-limit 19 -stack-protector 1 -fstack-check -mdarwin-stkchk-strong-link -fblocks -fencode-extended-block-signature -fregister-global-dtors-with-atexit -fgnuc-version=4.2.1 -fmax-type-align=16 -fcommon -fopenmp -clang-vendor-feature=+disableNonDependentMemberExprInCurrentInstantiation -fno-odr-hash-protocols -clang-vendor-feature=+enableAggressiveVLAFolding -clang-vendor-feature=+revert09abecef7bbf -clang-vendor-feature=+thisNoAlignAttr -clang-vendor-feature=+thisNoNullAttr -mllvm -disable-aligned-alloc-awareness=1 -D__GCC_HAVE_DWARF2_CFI_ASM=1 -o CMakeFiles/cmTC_17f97.dir/OpenMPTryFlag.c.o -x c /Users/movsesyanae/Programming/CMSC858N/Parallel-Suffix-Array/Debug/CMakeFiles/CMakeScratch/TryCompile-yoHo3X/OpenMPTryFlag.c
clang -cc1 version 15.0.0 (clang-1500.3.9.4) default target arm64-apple-darwin23.4.0
ignoring nonexistent directory "/Library/Developer/CommandLineTools/SDKs/MacOSX14.4.sdk/usr/local/include"
ignoring nonexistent directory "/Library/Developer/CommandLineTools/SDKs/MacOSX14.4.sdk/Library/Frameworks"
#include "..." search starts here:
#include <...> search starts here:
 /Library/Developer/CommandLineTools/usr/lib/clang/15.0.0/include
 /Library/Developer/CommandLineTools/SDKs/MacOSX14.4.sdk/usr/include
 /Library/Developer/CommandLineTools/usr/include
 /Library/Developer/CommandLineTools/SDKs/MacOSX14.4.sdk/System/Library/Frameworks (framework directory)
End of search list.
/Users/movsesyanae/Programming/CMSC858N/Parallel-Suffix-Array/Debug/CMakeFiles/CMakeScratch/TryCompile-yoHo3X/OpenMPTryFlag.c:2:10: fatal error: 'omp.h' file not found
#include <omp.h>
         ^~~~~~~
1 error generated.
make[1]: *** [CMakeFiles/cmTC_17f97.dir/OpenMPTryFlag.c.o] Error 1
make: *** [cmTC_17f97/fast] Error 2



Detecting C OpenMP failed with the following output:
Change Dir: /Users/movsesyanae/Programming/CMSC858N/Parallel-Suffix-Array/Debug/CMakeFiles/CMakeScratch/TryCompile-mKBzLY

Run Build Command(s):/usr/bin/make -f Makefile cmTC_9658e/fast && /Library/Developer/CommandLineTools/usr/bin/make  -f CMakeFiles/cmTC_9658e.dir/build.make CMakeFiles/cmTC_9658e.dir/build
Building C object CMakeFiles/cmTC_9658e.dir/OpenMPTryFlag.c.o
/Library/Developer/CommandLineTools/usr/bin/cc   -fopenmp=libomp -v -arch arm64 -isysroot /Library/Developer/CommandLineTools/SDKs/MacOSX14.4.sdk -MD -MT CMakeFiles/cmTC_9658e.dir/OpenMPTryFlag.c.o -MF CMakeFiles/cmTC_9658e.dir/OpenMPTryFlag.c.o.d -o CMakeFiles/cmTC_9658e.dir/OpenMPTryFlag.c.o -c /Users/movsesyanae/Programming/CMSC858N/Parallel-Suffix-Array/Debug/CMakeFiles/CMakeScratch/TryCompile-mKBzLY/OpenMPTryFlag.c
Apple clang version 15.0.0 (clang-1500.3.9.4)
Target: arm64-apple-darwin23.4.0
Thread model: posix
InstalledDir: /Library/Developer/CommandLineTools/usr/bin
clang: error: unsupported argument 'libomp' to option '-fopenmp='
make[1]: *** [CMakeFiles/cmTC_9658e.dir/OpenMPTryFlag.c.o] Error 1
make: *** [cmTC_9658e/fast] Error 2



Detecting C OpenMP failed with the following output:
Change Dir: /Users/movsesyanae/Programming/CMSC858N/Parallel-Suffix-Array/Debug/CMakeFiles/CMakeScratch/TryCompile-np8ggR

Run Build Command(s):/usr/bin/make -f Makefile cmTC_f85da/fast && /Library/Developer/CommandLineTools/usr/bin/make  -f CMakeFiles/cmTC_f85da.dir/build.make CMakeFiles/cmTC_f85da.dir/build
Building C object CMakeFiles/cmTC_f85da.dir/OpenMPTryFlag.c.o
/Library/Developer/CommandLineTools/usr/bin/cc   -fopenmp=libiomp5 -v -arch arm64 -isysroot /Library/Developer/CommandLineTools/SDKs/MacOSX14.4.sdk -MD -MT CMakeFiles/cmTC_f85da.dir/OpenMPTryFlag.c.o -MF CMakeFiles/cmTC_f85da.dir/OpenMPTryFlag.c.o.d -o CMakeFiles/cmTC_f85da.dir/OpenMPTryFlag.c.o -c /Users/movsesyanae/Programming/CMSC858N/Parallel-Suffix-Array/Debug/CMakeFiles/CMakeScratch/TryCompile-np8ggR/OpenMPTryFlag.c
Apple clang version 15.0.0 (clang-1500.3.9.4)
Target: arm64-apple-darwin23.4.0
Thread model: posix
InstalledDir: /Library/Developer/CommandLineTools/usr/bin
clang: error: unsupported argument 'libiomp5' to option '-fopenmp='
make[1]: *** [CMakeFiles/cmTC_f85da.dir/OpenMPTryFlag.c.o] Error 1
make: *** [cmTC_f85da/fast] Error 2



Detecting C OpenMP failed with the following output:
Change Dir: /Users/movsesyanae/Programming/CMSC858N/Parallel-Suffix-Array/Debug/CMakeFiles/CMakeScratch/TryCompile-mQEVYR

Run Build Command(s):/usr/bin/make -f Makefile cmTC_926e5/fast && /Library/Developer/CommandLineTools/usr/bin/make  -f CMakeFiles/cmTC_926e5.dir/build.make CMakeFiles/cmTC_926e5.dir/build
Building C object CMakeFiles/cmTC_926e5.dir/OpenMPTryFlag.c.o
/Library/Developer/CommandLineTools/usr/bin/cc   -fopenmp -v -arch arm64 -isysroot /Library/Developer/CommandLineTools/SDKs/MacOSX14.4.sdk -MD -MT CMakeFiles/cmTC_926e5.dir/OpenMPTryFlag.c.o -MF CMakeFiles/cmTC_926e5.dir/OpenMPTryFlag.c.o.d -o CMakeFiles/cmTC_926e5.dir/OpenMPTryFlag.c.o -c /Users/movsesyanae/Programming/CMSC858N/Parallel-Suffix-Array/Debug/CMakeFiles/CMakeScratch/TryCompile-mQEVYR/OpenMPTryFlag.c
Apple clang version 15.0.0 (clang-1500.3.9.4)
Target: arm64-apple-darwin23.4.0
Thread model: posix
InstalledDir: /Library/Developer/CommandLineTools/usr/bin
clang: error: unsupported option '-fopenmp'
make[1]: *** [CMakeFiles/cmTC_926e5.dir/OpenMPTryFlag.c.o] Error 1
make: *** [cmTC_926e5/fast] Error 2



Detecting C OpenMP failed with the following output:
Change Dir: /Users/movsesyanae/Programming/CMSC858N/Parallel-Suffix-Array/Debug/CMakeFiles/CMakeScratch/TryCompile-5PWeT3

Run Build Command(s):/usr/bin/make -f Makefile cmTC_5758e/fast && /Library/Developer/CommandLineTools/usr/bin/make  -f CMakeFiles/cmTC_5758e.dir/build.make CMakeFiles/cmTC_5758e.dir/build
Building C object CMakeFiles/cmTC_5758e.dir/OpenMPTryFlag.c.o
/Library/Developer/CommandLineTools/usr/bin/cc   -Xclang -fopenmp -v -arch arm64 -isysroot /Library/Developer/CommandLineTools/SDKs/MacOSX14.4.sdk -MD -MT CMakeFiles/cmTC_5758e.dir/OpenMPTryFlag.c.o -MF CMakeFiles/cmTC_5758e.dir/OpenMPTryFlag.c.o.d -o CMakeFiles/cmTC_5758e.dir/OpenMPTryFlag.c.o -c /Users/movsesyanae/Programming/CMSC858N/Parallel-Suffix-Array/Debug/CMakeFiles/CMakeScratch/TryCompile-5PWeT3/OpenMPTryFlag.c
Apple clang version 15.0.0 (clang-1500.3.9.4)
Target: arm64-apple-darwin23.4.0
Thread model: posix
InstalledDir: /Library/Developer/CommandLineTools/usr/bin
 "/Library/Developer/CommandLineTools/usr/bin/clang" -cc1 -triple arm64-apple-macosx14.0.0 -Wundef-prefix=TARGET_OS_ -Wdeprecated-objc-isa-usage -Werror=deprecated-objc-isa-usage -Werror=implicit-function-declaration -emit-obj -mrelax-all --mrelax-relocations -disable-free -clear-ast-before-backend -disable-llvm-verifier -discard-value-names -main-file-name OpenMPTryFlag.c -mrelocation-model pic -pic-level 2 -mframe-pointer=non-leaf -fno-strict-return -ffp-contract=on -fno-rounding-math -funwind-tables=1 -fobjc-msgsend-selector-stubs -target-sdk-version=14.4 -fvisibility-inlines-hidden-static-local-var -target-cpu apple-m1 -target-feature +v8.5a -target-feature +crc -target-feature +lse -target-feature +rdm -target-feature +crypto -target-feature +dotprod -target-feature +fp-armv8 -target-feature +neon -target-feature +fp16fml -target-feature +ras -target-feature +rcpc -target-feature +zcm -target-feature +zcz -target-feature +fullfp16 -target-feature +sm4 -target-feature +sha3 -target-feature +sha2 -target-feature +aes -target-abi darwinpcs -debugger-tuning=lldb -target-linker-version 1053.12 -v -fcoverage-compilation-dir=/Users/movsesyanae/Programming/CMSC858N/Parallel-Suffix-Array/Debug/CMakeFiles/CMakeScratch/TryCompile-5PWeT3 -resource-dir /Library/Developer/CommandLineTools/usr/lib/clang/15.0.0 -dependency-file CMakeFiles/cmTC_5758e.dir/OpenMPTryFlag.c.o.d -skip-unused-modulemap-deps -MT CMakeFiles/cmTC_5758e.dir/OpenMPTryFlag.c.o -sys-header-deps -isysroot /Library/Developer/CommandLineTools/SDKs/MacOSX14.4.sdk -internal-isystem /Library/Developer/CommandLineTools/SDKs/MacOSX14.4.sdk/usr/local/include -internal-isystem /Library/Developer/CommandLineTools/usr/lib/clang/15.0.0/include -internal-externc-isystem /Library/Developer/CommandLineTools/SDKs/MacOSX14.4.sdk/usr/include -internal-externc-isystem /Library/Developer/CommandLineTools/usr/include -Wno-reorder-init-list -Wno-implicit-int-float-conversion -Wno-c99-designator -Wno-final-dtor-non-final-class -Wno-extra-semi-stmt -Wno-misleading-indentation -Wno-quoted-include-in-framework-header -Wno-implicit-fallthrough -Wno-enum-enum-conversion -Wno-enum-float-conversion -Wno-elaborated-enum-base -Wno-reserved-identifier -Wno-gnu-folding-constant -fdebug-compilation-dir=/Users/movsesyanae/Programming/CMSC858N/Parallel-Suffix-Array/Debug/CMakeFiles/CMakeScratch/TryCompile-5PWeT3 -ferror-limit 19 -stack-protector 1 -fstack-check -mdarwin-stkchk-strong-link -fblocks -fencode-extended-block-signature -fregister-global-dtors-with-atexit -fgnuc-version=4.2.1 -fmax-type-align=16 -fcommon -fopenmp -clang-vendor-feature=+disableNonDependentMemberExprInCurrentInstantiation -fno-odr-hash-protocols -clang-vendor-feature=+enableAggressiveVLAFolding -clang-vendor-feature=+revert09abecef7bbf -clang-vendor-feature=+thisNoAlignAttr -clang-vendor-feature=+thisNoNullAttr -mllvm -disable-aligned-alloc-awareness=1 -D__GCC_HAVE_DWARF2_CFI_ASM=1 -o CMakeFiles/cmTC_5758e.dir/OpenMPTryFlag.c.o -x c /Users/movsesyanae/Programming/CMSC858N/Parallel-Suffix-Array/Debug/CMakeFiles/CMakeScratch/TryCompile-5PWeT3/OpenMPTryFlag.c
clang -cc1 version 15.0.0 (clang-1500.3.9.4) default target arm64-apple-darwin23.4.0
ignoring nonexistent directory "/Library/Developer/CommandLineTools/SDKs/MacOSX14.4.sdk/usr/local/include"
ignoring nonexistent directory "/Library/Developer/CommandLineTools/SDKs/MacOSX14.4.sdk/Library/Frameworks"
#include "..." search starts here:
#include <...> search starts here:
 /Library/Developer/CommandLineTools/usr/lib/clang/15.0.0/include
 /Library/Developer/CommandLineTools/SDKs/MacOSX14.4.sdk/usr/include
 /Library/Developer/CommandLineTools/usr/include
 /Library/Developer/CommandLineTools/SDKs/MacOSX14.4.sdk/System/Library/Frameworks (framework directory)
End of search list.
/Users/movsesyanae/Programming/CMSC858N/Parallel-Suffix-Array/Debug/CMakeFiles/CMakeScratch/TryCompile-5PWeT3/OpenMPTryFlag.c:2:10: fatal error: 'omp.h' file not found
#include <omp.h>
         ^~~~~~~
1 error generated.
make[1]: *** [CMakeFiles/cmTC_5758e.dir/OpenMPTryFlag.c.o] Error 1
make: *** [cmTC_5758e/fast] Error 2



Detecting C OpenMP failed with the following output:
Change Dir: /Users/movsesyanae/Programming/CMSC858N/Parallel-Suffix-Array/Debug/CMakeFiles/CMakeScratch/TryCompile-4iWp9m

Run Build Command(s):/usr/bin/make -f Makefile cmTC_03de2/fast && /Library/Developer/CommandLineTools/usr/bin/make  -f CMakeFiles/cmTC_03de2.dir/build.make CMakeFiles/cmTC_03de2.dir/build
Building C object CMakeFiles/cmTC_03de2.dir/OpenMPTryFlag.c.o
/Library/Developer/CommandLineTools/usr/bin/cc   -fopenmp=libomp -v -arch arm64 -isysroot /Library/Developer/CommandLineTools/SDKs/MacOSX14.4.sdk -MD -MT CMakeFiles/cmTC_03de2.dir/OpenMPTryFlag.c.o -MF CMakeFiles/cmTC_03de2.dir/OpenMPTryFlag.c.o.d -o CMakeFiles/cmTC_03de2.dir/OpenMPTryFlag.c.o -c /Users/movsesyanae/Programming/CMSC858N/Parallel-Suffix-Array/Debug/CMakeFiles/CMakeScratch/TryCompile-4iWp9m/OpenMPTryFlag.c
Apple clang version 15.0.0 (clang-1500.3.9.4)
Target: arm64-apple-darwin23.4.0
Thread model: posix
InstalledDir: /Library/Developer/CommandLineTools/usr/bin
clang: error: unsupported argument 'libomp' to option '-fopenmp='
make[1]: *** [CMakeFiles/cmTC_03de2.dir/OpenMPTryFlag.c.o] Error 1
make: *** [cmTC_03de2/fast] Error 2



Detecting C OpenMP failed with the following output:
Change Dir: /Users/movsesyanae/Programming/CMSC858N/Parallel-Suffix-Array/Debug/CMakeFiles/CMakeScratch/TryCompile-QEnzR6

Run Build Command(s):/usr/bin/make -f Makefile cmTC_f0acc/fast && /Library/Developer/CommandLineTools/usr/bin/make  -f CMakeFiles/cmTC_f0acc.dir/build.make CMakeFiles/cmTC_f0acc.dir/build
Building C object CMakeFiles/cmTC_f0acc.dir/OpenMPTryFlag.c.o
/Library/Developer/CommandLineTools/usr/bin/cc   -fopenmp=libiomp5 -v -arch arm64 -isysroot /Library/Developer/CommandLineTools/SDKs/MacOSX14.4.sdk -MD -MT CMakeFiles/cmTC_f0acc.dir/OpenMPTryFlag.c.o -MF CMakeFiles/cmTC_f0acc.dir/OpenMPTryFlag.c.o.d -o CMakeFiles/cmTC_f0acc.dir/OpenMPTryFlag.c.o -c /Users/movsesyanae/Programming/CMSC858N/Parallel-Suffix-Array/Debug/CMakeFiles/CMakeScratch/TryCompile-QEnzR6/OpenMPTryFlag.c
Apple clang version 15.0.0 (clang-1500.3.9.4)
Target: arm64-apple-darwin23.4.0
Thread model: posix
InstalledDir: /Library/Developer/CommandLineTools/usr/bin
clang: error: unsupported argument 'libiomp5' to option '-fopenmp='
make[1]: *** [CMakeFiles/cmTC_f0acc.dir/OpenMPTryFlag.c.o] Error 1
make: *** [cmTC_f0acc/fast] Error 2



Detecting C OpenMP failed with the following output:
Change Dir: /Users/movsesyanae/Programming/CMSC858N/Parallel-Suffix-Array/Debug/CMakeFiles/CMakeScratch/TryCompile-vxG4dX

Run Build Command(s):/usr/bin/make -f Makefile cmTC_46197/fast && /Library/Developer/CommandLineTools/usr/bin/make  -f CMakeFiles/cmTC_46197.dir/build.make CMakeFiles/cmTC_46197.dir/build
Building C object CMakeFiles/cmTC_46197.dir/OpenMPTryFlag.c.o
/Library/Developer/CommandLineTools/usr/bin/cc   -fopenmp -v -arch arm64 -isysroot /Library/Developer/CommandLineTools/SDKs/MacOSX14.4.sdk -MD -MT CMakeFiles/cmTC_46197.dir/OpenMPTryFlag.c.o -MF CMakeFiles/cmTC_46197.dir/OpenMPTryFlag.c.o.d -o CMakeFiles/cmTC_46197.dir/OpenMPTryFlag.c.o -c /Users/movsesyanae/Programming/CMSC858N/Parallel-Suffix-Array/Debug/CMakeFiles/CMakeScratch/TryCompile-vxG4dX/OpenMPTryFlag.c
Apple clang version 15.0.0 (clang-1500.3.9.4)
Target: arm64-apple-darwin23.4.0
Thread model: posix
InstalledDir: /Library/Developer/CommandLineTools/usr/bin
clang: error: unsupported option '-fopenmp'
make[1]: *** [CMakeFiles/cmTC_46197.dir/OpenMPTryFlag.c.o] Error 1
make: *** [cmTC_46197/fast] Error 2



Detecting C OpenMP failed with the following output:
Change Dir: /Users/movsesyanae/Programming/CMSC858N/Parallel-Suffix-Array/Debug/CMakeFiles/CMakeScratch/TryCompile-qFsfGv

Run Build Command(s):/usr/bin/make -f Makefile cmTC_2d6e9/fast && /Library/Developer/CommandLineTools/usr/bin/make  -f CMakeFiles/cmTC_2d6e9.dir/build.make CMakeFiles/cmTC_2d6e9.dir/build
Building C object CMakeFiles/cmTC_2d6e9.dir/OpenMPTryFlag.c.o
/Library/Developer/CommandLineTools/usr/bin/cc   -Xclang -fopenmp -v -arch arm64 -isysroot /Library/Developer/CommandLineTools/SDKs/MacOSX14.4.sdk -MD -MT CMakeFiles/cmTC_2d6e9.dir/OpenMPTryFlag.c.o -MF CMakeFiles/cmTC_2d6e9.dir/OpenMPTryFlag.c.o.d -o CMakeFiles/cmTC_2d6e9.dir/OpenMPTryFlag.c.o -c /Users/movsesyanae/Programming/CMSC858N/Parallel-Suffix-Array/Debug/CMakeFiles/CMakeScratch/TryCompile-qFsfGv/OpenMPTryFlag.c
Apple clang version 15.0.0 (clang-1500.3.9.4)
Target: arm64-apple-darwin23.4.0
Thread model: posix
InstalledDir: /Library/Developer/CommandLineTools/usr/bin
 "/Library/Developer/CommandLineTools/usr/bin/clang" -cc1 -triple arm64-apple-macosx14.0.0 -Wundef-prefix=TARGET_OS_ -Wdeprecated-objc-isa-usage -Werror=deprecated-objc-isa-usage -Werror=implicit-function-declaration -emit-obj -mrelax-all --mrelax-relocations -disable-free -clear-ast-before-backend -disable-llvm-verifier -discard-value-names -main-file-name OpenMPTryFlag.c -mrelocation-model pic -pic-level 2 -mframe-pointer=non-leaf -fno-strict-return -ffp-contract=on -fno-rounding-math -funwind-tables=1 -fobjc-msgsend-selector-stubs -target-sdk-version=14.4 -fvisibility-inlines-hidden-static-local-var -target-cpu apple-m1 -target-feature +v8.5a -target-feature +crc -target-feature +lse -target-feature +rdm -target-feature +crypto -target-feature +dotprod -target-feature +fp-armv8 -target-feature +neon -target-feature +fp16fml -target-feature +ras -target-feature +rcpc -target-feature +zcm -target-feature +zcz -target-feature +fullfp16 -target-feature +sm4 -target-feature +sha3 -target-feature +sha2 -target-feature +aes -target-abi darwinpcs -debugger-tuning=lldb -target-linker-version 1053.12 -v -fcoverage-compilation-dir=/Users/movsesyanae/Programming/CMSC858N/Parallel-Suffix-Array/Debug/CMakeFiles/CMakeScratch/TryCompile-qFsfGv -resource-dir /Library/Developer/CommandLineTools/usr/lib/clang/15.0.0 -dependency-file CMakeFiles/cmTC_2d6e9.dir/OpenMPTryFlag.c.o.d -skip-unused-modulemap-deps -MT CMakeFiles/cmTC_2d6e9.dir/OpenMPTryFlag.c.o -sys-header-deps -isysroot /Library/Developer/CommandLineTools/SDKs/MacOSX14.4.sdk -internal-isystem /Library/Developer/CommandLineTools/SDKs/MacOSX14.4.sdk/usr/local/include -internal-isystem /Library/Developer/CommandLineTools/usr/lib/clang/15.0.0/include -internal-externc-isystem /Library/Developer/CommandLineTools/SDKs/MacOSX14.4.sdk/usr/include -internal-externc-isystem /Library/Developer/CommandLineTools/usr/include -Wno-reorder-init-list -Wno-implicit-int-float-conversion -Wno-c99-designator -Wno-final-dtor-non-final-class -Wno-extra-semi-stmt -Wno-misleading-indentation -Wno-quoted-include-in-framework-header -Wno-implicit-fallthrough -Wno-enum-enum-conversion -Wno-enum-float-conversion -Wno-elaborated-enum-base -Wno-reserved-identifier -Wno-gnu-folding-constant -fdebug-compilation-dir=/Users/movsesyanae/Programming/CMSC858N/Parallel-Suffix-Array/Debug/CMakeFiles/CMakeScratch/TryCompile-qFsfGv -ferror-limit 19 -stack-protector 1 -fstack-check -mdarwin-stkchk-strong-link -fblocks -fencode-extended-block-signature -fregister-global-dtors-with-atexit -fgnuc-version=4.2.1 -fmax-type-align=16 -fcommon -fopenmp -clang-vendor-feature=+disableNonDependentMemberExprInCurrentInstantiation -fno-odr-hash-protocols -clang-vendor-feature=+enableAggressiveVLAFolding -clang-vendor-feature=+revert09abecef7bbf -clang-vendor-feature=+thisNoAlignAttr -clang-vendor-feature=+thisNoNullAttr -mllvm -disable-aligned-alloc-awareness=1 -D__GCC_HAVE_DWARF2_CFI_ASM=1 -o CMakeFiles/cmTC_2d6e9.dir/OpenMPTryFlag.c.o -x c /Users/movsesyanae/Programming/CMSC858N/Parallel-Suffix-Array/Debug/CMakeFiles/CMakeScratch/TryCompile-qFsfGv/OpenMPTryFlag.c
clang -cc1 version 15.0.0 (clang-1500.3.9.4) default target arm64-apple-darwin23.4.0
ignoring nonexistent directory "/Library/Developer/CommandLineTools/SDKs/MacOSX14.4.sdk/usr/local/include"
ignoring nonexistent directory "/Library/Developer/CommandLineTools/SDKs/MacOSX14.4.sdk/Library/Frameworks"
#include "..." search starts here:
#include <...> search starts here:
 /Library/Developer/CommandLineTools/usr/lib/clang/15.0.0/include
 /Library/Developer/CommandLineTools/SDKs/MacOSX14.4.sdk/usr/include
 /Library/Developer/CommandLineTools/usr/include
 /Library/Developer/CommandLineTools/SDKs/MacOSX14.4.sdk/System/Library/Frameworks (framework directory)
End of search list.
/Users/movsesyanae/Programming/CMSC858N/Parallel-Suffix-Array/Debug/CMakeFiles/CMakeScratch/TryCompile-qFsfGv/OpenMPTryFlag.c:2:10: fatal error: 'omp.h' file not found
#include <omp.h>
         ^~~~~~~
1 error generated.
make[1]: *** [CMakeFiles/cmTC_2d6e9.dir/OpenMPTryFlag.c.o] Error 1
make: *** [cmTC_2d6e9/fast] Error 2



Detecting C OpenMP failed with the following output:
Change Dir: /Users/movsesyanae/Programming/CMSC858N/Parallel-Suffix-Array/Debug/CMakeFiles/CMakeScratch/TryCompile-PEACVH

Run Build Command(s):/usr/bin/make -f Makefile cmTC_04652/fast && /Library/Developer/CommandLineTools/usr/bin/make  -f CMakeFiles/cmTC_04652.dir/build.make CMakeFiles/cmTC_04652.dir/build
Building C object CMakeFiles/cmTC_04652.dir/OpenMPTryFlag.c.o
/Library/Developer/CommandLineTools/usr/bin/cc   -fopenmp=libomp -v -arch arm64 -isysroot /Library/Developer/CommandLineTools/SDKs/MacOSX14.4.sdk -MD -MT CMakeFiles/cmTC_04652.dir/OpenMPTryFlag.c.o -MF CMakeFiles/cmTC_04652.dir/OpenMPTryFlag.c.o.d -o CMakeFiles/cmTC_04652.dir/OpenMPTryFlag.c.o -c /Users/movsesyanae/Programming/CMSC858N/Parallel-Suffix-Array/Debug/CMakeFiles/CMakeScratch/TryCompile-PEACVH/OpenMPTryFlag.c
Apple clang version 15.0.0 (clang-1500.3.9.4)
Target: arm64-apple-darwin23.4.0
Thread model: posix
InstalledDir: /Library/Developer/CommandLineTools/usr/bin
clang: error: unsupported argument 'libomp' to option '-fopenmp='
make[1]: *** [CMakeFiles/cmTC_04652.dir/OpenMPTryFlag.c.o] Error 1
make: *** [cmTC_04652/fast] Error 2



Detecting C OpenMP failed with the following output:
Change Dir: /Users/movsesyanae/Programming/CMSC858N/Parallel-Suffix-Array/Debug/CMakeFiles/CMakeScratch/TryCompile-GaDdBE

Run Build Command(s):/usr/bin/make -f Makefile cmTC_b1112/fast && /Library/Developer/CommandLineTools/usr/bin/make  -f CMakeFiles/cmTC_b1112.dir/build.make CMakeFiles/cmTC_b1112.dir/build
Building C object CMakeFiles/cmTC_b1112.dir/OpenMPTryFlag.c.o
/Library/Developer/CommandLineTools/usr/bin/cc   -fopenmp=libiomp5 -v -arch arm64 -isysroot /Library/Developer/CommandLineTools/SDKs/MacOSX14.4.sdk -MD -MT CMakeFiles/cmTC_b1112.dir/OpenMPTryFlag.c.o -MF CMakeFiles/cmTC_b1112.dir/OpenMPTryFlag.c.o.d -o CMakeFiles/cmTC_b1112.dir/OpenMPTryFlag.c.o -c /Users/movsesyanae/Programming/CMSC858N/Parallel-Suffix-Array/Debug/CMakeFiles/CMakeScratch/TryCompile-GaDdBE/OpenMPTryFlag.c
Apple clang version 15.0.0 (clang-1500.3.9.4)
Target: arm64-apple-darwin23.4.0
Thread model: posix
InstalledDir: /Library/Developer/CommandLineTools/usr/bin
clang: error: unsupported argument 'libiomp5' to option '-fopenmp='
make[1]: *** [CMakeFiles/cmTC_b1112.dir/OpenMPTryFlag.c.o] Error 1
make: *** [cmTC_b1112/fast] Error 2



Detecting C OpenMP failed with the following output:
Change Dir: /Users/movsesyanae/Programming/CMSC858N/Parallel-Suffix-Array/Debug/CMakeFiles/CMakeScratch/TryCompile-hbgVDO

Run Build Command(s):/usr/bin/make -f Makefile cmTC_2138e/fast && /Library/Developer/CommandLineTools/usr/bin/make  -f CMakeFiles/cmTC_2138e.dir/build.make CMakeFiles/cmTC_2138e.dir/build
Building C object CMakeFiles/cmTC_2138e.dir/OpenMPTryFlag.c.o
/Library/Developer/CommandLineTools/usr/bin/cc   -fopenmp -v -arch arm64 -isysroot /Library/Developer/CommandLineTools/SDKs/MacOSX14.4.sdk -MD -MT CMakeFiles/cmTC_2138e.dir/OpenMPTryFlag.c.o -MF CMakeFiles/cmTC_2138e.dir/OpenMPTryFlag.c.o.d -o CMakeFiles/cmTC_2138e.dir/OpenMPTryFlag.c.o -c /Users/movsesyanae/Programming/CMSC858N/Parallel-Suffix-Array/Debug/CMakeFiles/CMakeScratch/TryCompile-hbgVDO/OpenMPTryFlag.c
Apple clang version 15.0.0 (clang-1500.3.9.4)
Target: arm64-apple-darwin23.4.0
Thread model: posix
InstalledDir: /Library/Developer/CommandLineTools/usr/bin
clang: error: unsupported option '-fopenmp'
make[1]: *** [CMakeFiles/cmTC_2138e.dir/OpenMPTryFlag.c.o] Error 1
make: *** [cmTC_2138e/fast] Error 2



Detecting C OpenMP failed with the following output:
Change Dir: /Users/movsesyanae/Programming/CMSC858N/Parallel-Suffix-Array/Debug/CMakeFiles/CMakeScratch/TryCompile-OCNT3V

Run Build Command(s):/usr/bin/make -f Makefile cmTC_a3209/fast && /Library/Developer/CommandLineTools/usr/bin/make  -f CMakeFiles/cmTC_a3209.dir/build.make CMakeFiles/cmTC_a3209.dir/build
Building C object CMakeFiles/cmTC_a3209.dir/OpenMPTryFlag.c.o
/Library/Developer/CommandLineTools/usr/bin/cc   -Xclang -fopenmp -v -arch arm64 -isysroot /Library/Developer/CommandLineTools/SDKs/MacOSX14.4.sdk -MD -MT CMakeFiles/cmTC_a3209.dir/OpenMPTryFlag.c.o -MF CMakeFiles/cmTC_a3209.dir/OpenMPTryFlag.c.o.d -o CMakeFiles/cmTC_a3209.dir/OpenMPTryFlag.c.o -c /Users/movsesyanae/Programming/CMSC858N/Parallel-Suffix-Array/Debug/CMakeFiles/CMakeScratch/TryCompile-OCNT3V/OpenMPTryFlag.c
Apple clang version 15.0.0 (clang-1500.3.9.4)
Target: arm64-apple-darwin23.4.0
Thread model: posix
InstalledDir: /Library/Developer/CommandLineTools/usr/bin
 "/Library/Developer/CommandLineTools/usr/bin/clang" -cc1 -triple arm64-apple-macosx14.0.0 -Wundef-prefix=TARGET_OS_ -Wdeprecated-objc-isa-usage -Werror=deprecated-objc-isa-usage -Werror=implicit-function-declaration -emit-obj -mrelax-all --mrelax-relocations -disable-free -clear-ast-before-backend -disable-llvm-verifier -discard-value-names -main-file-name OpenMPTryFlag.c -mrelocation-model pic -pic-level 2 -mframe-pointer=non-leaf -fno-strict-return -ffp-contract=on -fno-rounding-math -funwind-tables=1 -fobjc-msgsend-selector-stubs -target-sdk-version=14.4 -fvisibility-inlines-hidden-static-local-var -target-cpu apple-m1 -target-feature +v8.5a -target-feature +crc -target-feature +lse -target-feature +rdm -target-feature +crypto -target-feature +dotprod -target-feature +fp-armv8 -target-feature +neon -target-feature +fp16fml -target-feature +ras -target-feature +rcpc -target-feature +zcm -target-feature +zcz -target-feature +fullfp16 -target-feature +sm4 -target-feature +sha3 -target-feature +sha2 -target-feature +aes -target-abi darwinpcs -debugger-tuning=lldb -target-linker-version 1053.12 -v -fcoverage-compilation-dir=/Users/movsesyanae/Programming/CMSC858N/Parallel-Suffix-Array/Debug/CMakeFiles/CMakeScratch/TryCompile-OCNT3V -resource-dir /Library/Developer/CommandLineTools/usr/lib/clang/15.0.0 -dependency-file CMakeFiles/cmTC_a3209.dir/OpenMPTryFlag.c.o.d -skip-unused-modulemap-deps -MT CMakeFiles/cmTC_a3209.dir/OpenMPTryFlag.c.o -sys-header-deps -isysroot /Library/Developer/CommandLineTools/SDKs/MacOSX14.4.sdk -internal-isystem /Library/Developer/CommandLineTools/SDKs/MacOSX14.4.sdk/usr/local/include -internal-isystem /Library/Developer/CommandLineTools/usr/lib/clang/15.0.0/include -internal-externc-isystem /Library/Developer/CommandLineTools/SDKs/MacOSX14.4.sdk/usr/include -internal-externc-isystem /Library/Developer/CommandLineTools/usr/include -Wno-reorder-init-list -Wno-implicit-int-float-conversion -Wno-c99-designator -Wno-final-dtor-non-final-class -Wno-extra-semi-stmt -Wno-misleading-indentation -Wno-quoted-include-in-framework-header -Wno-implicit-fallthrough -Wno-enum-enum-conversion -Wno-enum-float-conversion -Wno-elaborated-enum-base -Wno-reserved-identifier -Wno-gnu-folding-constant -fdebug-compilation-dir=/Users/movsesyanae/Programming/CMSC858N/Parallel-Suffix-Array/Debug/CMakeFiles/CMakeScratch/TryCompile-OCNT3V -ferror-limit 19 -stack-protector 1 -fstack-check -mdarwin-stkchk-strong-link -fblocks -fencode-extended-block-signature -fregister-global-dtors-with-atexit -fgnuc-version=4.2.1 -fmax-type-align=16 -fcommon -fopenmp -clang-vendor-feature=+disableNonDependentMemberExprInCurrentInstantiation -fno-odr-hash-protocols -clang-vendor-feature=+enableAggressiveVLAFolding -clang-vendor-feature=+revert09abecef7bbf -clang-vendor-feature=+thisNoAlignAttr -clang-vendor-feature=+thisNoNullAttr -mllvm -disable-aligned-alloc-awareness=1 -D__GCC_HAVE_DWARF2_CFI_ASM=1 -o CMakeFiles/cmTC_a3209.dir/OpenMPTryFlag.c.o -x c /Users/movsesyanae/Programming/CMSC858N/Parallel-Suffix-Array/Debug/CMakeFiles/CMakeScratch/TryCompile-OCNT3V/OpenMPTryFlag.c
clang -cc1 version 15.0.0 (clang-1500.3.9.4) default target arm64-apple-darwin23.4.0
ignoring nonexistent directory "/Library/Developer/CommandLineTools/SDKs/MacOSX14.4.sdk/usr/local/include"
ignoring nonexistent directory "/Library/Developer/CommandLineTools/SDKs/MacOSX14.4.sdk/Library/Frameworks"
#include "..." search starts here:
#include <...> search starts here:
 /Library/Developer/CommandLineTools/usr/lib/clang/15.0.0/include
 /Library/Developer/CommandLineTools/SDKs/MacOSX14.4.sdk/usr/include
 /Library/Developer/CommandLineTools/usr/include
 /Library/Developer/CommandLineTools/SDKs/MacOSX14.4.sdk/System/Library/Frameworks (framework directory)
End of search list.
/Users/movsesyanae/Programming/CMSC858N/Parallel-Suffix-Array/Debug/CMakeFiles/CMakeScratch/TryCompile-OCNT3V/OpenMPTryFlag.c:2:10: fatal error: 'omp.h' file not found
#include <omp.h>
         ^~~~~~~
1 error generated.
make[1]: *** [CMakeFiles/cmTC_a3209.dir/OpenMPTryFlag.c.o] Error 1
make: *** [cmTC_a3209/fast] Error 2



Detecting C OpenMP failed with the following output:
Change Dir: /Users/movsesyanae/Programming/CMSC858N/Parallel-Suffix-Array/Debug/CMakeFiles/CMakeScratch/TryCompile-B1pk1w

Run Build Command(s):/usr/bin/make -f Makefile cmTC_d03bb/fast && /Library/Developer/CommandLineTools/usr/bin/make  -f CMakeFiles/cmTC_d03bb.dir/build.make CMakeFiles/cmTC_d03bb.dir/build
Building C object CMakeFiles/cmTC_d03bb.dir/OpenMPTryFlag.c.o
/Library/Developer/CommandLineTools/usr/bin/cc   -fopenmp=libomp -v -arch arm64 -isysroot /Library/Developer/CommandLineTools/SDKs/MacOSX14.4.sdk -MD -MT CMakeFiles/cmTC_d03bb.dir/OpenMPTryFlag.c.o -MF CMakeFiles/cmTC_d03bb.dir/OpenMPTryFlag.c.o.d -o CMakeFiles/cmTC_d03bb.dir/OpenMPTryFlag.c.o -c /Users/movsesyanae/Programming/CMSC858N/Parallel-Suffix-Array/Debug/CMakeFiles/CMakeScratch/TryCompile-B1pk1w/OpenMPTryFlag.c
Apple clang version 15.0.0 (clang-1500.3.9.4)
Target: arm64-apple-darwin23.4.0
Thread model: posix
InstalledDir: /Library/Developer/CommandLineTools/usr/bin
clang: error: unsupported argument 'libomp' to option '-fopenmp='
make[1]: *** [CMakeFiles/cmTC_d03bb.dir/OpenMPTryFlag.c.o] Error 1
make: *** [cmTC_d03bb/fast] Error 2



Detecting C OpenMP failed with the following output:
Change Dir: /Users/movsesyanae/Programming/CMSC858N/Parallel-Suffix-Array/Debug/CMakeFiles/CMakeScratch/TryCompile-Bi8tlL

Run Build Command(s):/usr/bin/make -f Makefile cmTC_c4b39/fast && /Library/Developer/CommandLineTools/usr/bin/make  -f CMakeFiles/cmTC_c4b39.dir/build.make CMakeFiles/cmTC_c4b39.dir/build
Building C object CMakeFiles/cmTC_c4b39.dir/OpenMPTryFlag.c.o
/Library/Developer/CommandLineTools/usr/bin/cc   -fopenmp=libiomp5 -v -arch arm64 -isysroot /Library/Developer/CommandLineTools/SDKs/MacOSX14.4.sdk -MD -MT CMakeFiles/cmTC_c4b39.dir/OpenMPTryFlag.c.o -MF CMakeFiles/cmTC_c4b39.dir/OpenMPTryFlag.c.o.d -o CMakeFiles/cmTC_c4b39.dir/OpenMPTryFlag.c.o -c /Users/movsesyanae/Programming/CMSC858N/Parallel-Suffix-Array/Debug/CMakeFiles/CMakeScratch/TryCompile-Bi8tlL/OpenMPTryFlag.c
Apple clang version 15.0.0 (clang-1500.3.9.4)
Target: arm64-apple-darwin23.4.0
Thread model: posix
InstalledDir: /Library/Developer/CommandLineTools/usr/bin
clang: error: unsupported argument 'libiomp5' to option '-fopenmp='
make[1]: *** [CMakeFiles/cmTC_c4b39.dir/OpenMPTryFlag.c.o] Error 1
make: *** [cmTC_c4b39/fast] Error 2



Detecting C OpenMP failed with the following output:
Change Dir: /Users/movsesyanae/Programming/CMSC858N/Parallel-Suffix-Array/Debug/CMakeFiles/CMakeScratch/TryCompile-mSMlgU

Run Build Command(s):/usr/bin/make -f Makefile cmTC_960cd/fast && /Library/Developer/CommandLineTools/usr/bin/make  -f CMakeFiles/cmTC_960cd.dir/build.make CMakeFiles/cmTC_960cd.dir/build
Building C object CMakeFiles/cmTC_960cd.dir/OpenMPTryFlag.c.o
/Library/Developer/CommandLineTools/usr/bin/cc   -fopenmp -v -arch arm64 -isysroot /Library/Developer/CommandLineTools/SDKs/MacOSX14.4.sdk -MD -MT CMakeFiles/cmTC_960cd.dir/OpenMPTryFlag.c.o -MF CMakeFiles/cmTC_960cd.dir/OpenMPTryFlag.c.o.d -o CMakeFiles/cmTC_960cd.dir/OpenMPTryFlag.c.o -c /Users/movsesyanae/Programming/CMSC858N/Parallel-Suffix-Array/Debug/CMakeFiles/CMakeScratch/TryCompile-mSMlgU/OpenMPTryFlag.c
Apple clang version 15.0.0 (clang-1500.3.9.4)
Target: arm64-apple-darwin23.4.0
Thread model: posix
InstalledDir: /Library/Developer/CommandLineTools/usr/bin
clang: error: unsupported option '-fopenmp'
make[1]: *** [CMakeFiles/cmTC_960cd.dir/OpenMPTryFlag.c.o] Error 1
make: *** [cmTC_960cd/fast] Error 2



Detecting C OpenMP failed with the following output:
Change Dir: /Users/movsesyanae/Programming/CMSC858N/Parallel-Suffix-Array/Debug/CMakeFiles/CMakeScratch/TryCompile-U6rTW6

Run Build Command(s):/usr/bin/make -f Makefile cmTC_14f7f/fast && /Library/Developer/CommandLineTools/usr/bin/make  -f CMakeFiles/cmTC_14f7f.dir/build.make CMakeFiles/cmTC_14f7f.dir/build
Building C object CMakeFiles/cmTC_14f7f.dir/OpenMPTryFlag.c.o
/Library/Developer/CommandLineTools/usr/bin/cc   -Xclang -fopenmp -v -arch arm64 -isysroot /Library/Developer/CommandLineTools/SDKs/MacOSX14.4.sdk -MD -MT CMakeFiles/cmTC_14f7f.dir/OpenMPTryFlag.c.o -MF CMakeFiles/cmTC_14f7f.dir/OpenMPTryFlag.c.o.d -o CMakeFiles/cmTC_14f7f.dir/OpenMPTryFlag.c.o -c /Users/movsesyanae/Programming/CMSC858N/Parallel-Suffix-Array/Debug/CMakeFiles/CMakeScratch/TryCompile-U6rTW6/OpenMPTryFlag.c
Apple clang version 15.0.0 (clang-1500.3.9.4)
Target: arm64-apple-darwin23.4.0
Thread model: posix
InstalledDir: /Library/Developer/CommandLineTools/usr/bin
 "/Library/Developer/CommandLineTools/usr/bin/clang" -cc1 -triple arm64-apple-macosx14.0.0 -Wundef-prefix=TARGET_OS_ -Wdeprecated-objc-isa-usage -Werror=deprecated-objc-isa-usage -Werror=implicit-function-declaration -emit-obj -mrelax-all --mrelax-relocations -disable-free -clear-ast-before-backend -disable-llvm-verifier -discard-value-names -main-file-name OpenMPTryFlag.c -mrelocation-model pic -pic-level 2 -mframe-pointer=non-leaf -fno-strict-return -ffp-contract=on -fno-rounding-math -funwind-tables=1 -fobjc-msgsend-selector-stubs -target-sdk-version=14.4 -fvisibility-inlines-hidden-static-local-var -target-cpu apple-m1 -target-feature +v8.5a -target-feature +crc -target-feature +lse -target-feature +rdm -target-feature +crypto -target-feature +dotprod -target-feature +fp-armv8 -target-feature +neon -target-feature +fp16fml -target-feature +ras -target-feature +rcpc -target-feature +zcm -target-feature +zcz -target-feature +fullfp16 -target-feature +sm4 -target-feature +sha3 -target-feature +sha2 -target-feature +aes -target-abi darwinpcs -debugger-tuning=lldb -target-linker-version 1053.12 -v -fcoverage-compilation-dir=/Users/movsesyanae/Programming/CMSC858N/Parallel-Suffix-Array/Debug/CMakeFiles/CMakeScratch/TryCompile-U6rTW6 -resource-dir /Library/Developer/CommandLineTools/usr/lib/clang/15.0.0 -dependency-file CMakeFiles/cmTC_14f7f.dir/OpenMPTryFlag.c.o.d -skip-unused-modulemap-deps -MT CMakeFiles/cmTC_14f7f.dir/OpenMPTryFlag.c.o -sys-header-deps -isysroot /Library/Developer/CommandLineTools/SDKs/MacOSX14.4.sdk -internal-isystem /Library/Developer/CommandLineTools/SDKs/MacOSX14.4.sdk/usr/local/include -internal-isystem /Library/Developer/CommandLineTools/usr/lib/clang/15.0.0/include -internal-externc-isystem /Library/Developer/CommandLineTools/SDKs/MacOSX14.4.sdk/usr/include -internal-externc-isystem /Library/Developer/CommandLineTools/usr/include -Wno-reorder-init-list -Wno-implicit-int-float-conversion -Wno-c99-designator -Wno-final-dtor-non-final-class -Wno-extra-semi-stmt -Wno-misleading-indentation -Wno-quoted-include-in-framework-header -Wno-implicit-fallthrough -Wno-enum-enum-conversion -Wno-enum-float-conversion -Wno-elaborated-enum-base -Wno-reserved-identifier -Wno-gnu-folding-constant -fdebug-compilation-dir=/Users/movsesyanae/Programming/CMSC858N/Parallel-Suffix-Array/Debug/CMakeFiles/CMakeScratch/TryCompile-U6rTW6 -ferror-limit 19 -stack-protector 1 -fstack-check -mdarwin-stkchk-strong-link -fblocks -fencode-extended-block-signature -fregister-global-dtors-with-atexit -fgnuc-version=4.2.1 -fmax-type-align=16 -fcommon -fopenmp -clang-vendor-feature=+disableNonDependentMemberExprInCurrentInstantiation -fno-odr-hash-protocols -clang-vendor-feature=+enableAggressiveVLAFolding -clang-vendor-feature=+revert09abecef7bbf -clang-vendor-feature=+thisNoAlignAttr -clang-vendor-feature=+thisNoNullAttr -mllvm -disable-aligned-alloc-awareness=1 -D__GCC_HAVE_DWARF2_CFI_ASM=1 -o CMakeFiles/cmTC_14f7f.dir/OpenMPTryFlag.c.o -x c /Users/movsesyanae/Programming/CMSC858N/Parallel-Suffix-Array/Debug/CMakeFiles/CMakeScratch/TryCompile-U6rTW6/OpenMPTryFlag.c
clang -cc1 version 15.0.0 (clang-1500.3.9.4) default target arm64-apple-darwin23.4.0
ignoring nonexistent directory "/Library/Developer/CommandLineTools/SDKs/MacOSX14.4.sdk/usr/local/include"
ignoring nonexistent directory "/Library/Developer/CommandLineTools/SDKs/MacOSX14.4.sdk/Library/Frameworks"
#include "..." search starts here:
#include <...> search starts here:
 /Library/Developer/CommandLineTools/usr/lib/clang/15.0.0/include
 /Library/Developer/CommandLineTools/SDKs/MacOSX14.4.sdk/usr/include
 /Library/Developer/CommandLineTools/usr/include
 /Library/Developer/CommandLineTools/SDKs/MacOSX14.4.sdk/System/Library/Frameworks (framework directory)
End of search list.
/Users/movsesyanae/Programming/CMSC858N/Parallel-Suffix-Array/Debug/CMakeFiles/CMakeScratch/TryCompile-U6rTW6/OpenMPTryFlag.c:2:10: fatal error: 'omp.h' file not found
#include <omp.h>
         ^~~~~~~
1 error generated.
make[1]: *** [CMakeFiles/cmTC_14f7f.dir/OpenMPTryFlag.c.o] Error 1
make: *** [cmTC_14f7f/fast] Error 2



