The system is: Darwin - 23.4.0 - arm64
Compiling the C compiler identification source file "CMakeCCompilerId.c" succeeded.
Compiler: /Library/Developer/CommandLineTools/usr/bin/cc 
Build flags: 
Id flags: -c 

The output was:
0


Compilation of the C compiler identification source "CMakeCCompilerId.c" produced "CMakeCCompilerId.o"

The C compiler identification is AppleClang, found in "/Users/movsesyanae/Programming/CMSC858N/Parallel-Suffix-Array/Debug/CMakeFiles/3.25.2/CompilerIdC/CMakeCCompilerId.o"

Compiling the CXX compiler identification source file "CMakeCXXCompilerId.cpp" succeeded.
Compiler: /opt/homebrew/Cellar/llvm/17.0.6_1/bin/clang++ 
Build flags: 
Id flags:  

The output was:
0


Compilation of the CXX compiler identification source "CMakeCXXCompilerId.cpp" produced "a.out"

The CXX compiler identification is Clang, found in "/Users/movsesyanae/Programming/CMSC858N/Parallel-Suffix-Array/Debug/CMakeFiles/3.25.2/CompilerIdCXX/a.out"

Detecting C compiler ABI info compiled with the following output:
Change Dir: /Users/movsesyanae/Programming/CMSC858N/Parallel-Suffix-Array/Debug/CMakeFiles/CMakeScratch/TryCompile-rvW5QE

Run Build Command(s):/usr/bin/make -f Makefile cmTC_603ca/fast && /Library/Developer/CommandLineTools/usr/bin/make  -f CMakeFiles/cmTC_603ca.dir/build.make CMakeFiles/cmTC_603ca.dir/build
Building C object CMakeFiles/cmTC_603ca.dir/CMakeCCompilerABI.c.o
/Library/Developer/CommandLineTools/usr/bin/cc   -arch arm64 -isysroot /Library/Developer/CommandLineTools/SDKs/MacOSX14.4.sdk   -v -Wl,-v -MD -MT CMakeFiles/cmTC_603ca.dir/CMakeCCompilerABI.c.o -MF CMakeFiles/cmTC_603ca.dir/CMakeCCompilerABI.c.o.d -o CMakeFiles/cmTC_603ca.dir/CMakeCCompilerABI.c.o -c /opt/homebrew/Cellar/cmake/3.25.2/share/cmake/Modules/CMakeCCompilerABI.c
Apple clang version 15.0.0 (clang-1500.3.9.4)
Target: arm64-apple-darwin23.4.0
Thread model: posix
InstalledDir: /Library/Developer/CommandLineTools/usr/bin
clang: warning: -Wl,-v: 'linker' input unused [-Wunused-command-line-argument]
 "/Library/Developer/CommandLineTools/usr/bin/clang" -cc1 -triple arm64-apple-macosx14.0.0 -Wundef-prefix=TARGET_OS_ -Wdeprecated-objc-isa-usage -Werror=deprecated-objc-isa-usage -Werror=implicit-function-declaration -emit-obj -mrelax-all --mrelax-relocations -disable-free -clear-ast-before-backend -disable-llvm-verifier -discard-value-names -main-file-name CMakeCCompilerABI.c -mrelocation-model pic -pic-level 2 -mframe-pointer=non-leaf -fno-strict-return -ffp-contract=on -fno-rounding-math -funwind-tables=1 -fobjc-msgsend-selector-stubs -target-sdk-version=14.4 -fvisibility-inlines-hidden-static-local-var -target-cpu apple-m1 -target-feature +v8.5a -target-feature +crc -target-feature +lse -target-feature +rdm -target-feature +crypto -target-feature +dotprod -target-feature +fp-armv8 -target-feature +neon -target-feature +fp16fml -target-feature +ras -target-feature +rcpc -target-feature +zcm -target-feature +zcz -target-feature +fullfp16 -target-feature +sm4 -target-feature +sha3 -target-feature +sha2 -target-feature +aes -target-abi darwinpcs -debugger-tuning=lldb -target-linker-version 1053.12 -v -fcoverage-compilation-dir=/Users/movsesyanae/Programming/CMSC858N/Parallel-Suffix-Array/Debug/CMakeFiles/CMakeScratch/TryCompile-rvW5QE -resource-dir /Library/Developer/CommandLineTools/usr/lib/clang/15.0.0 -dependency-file CMakeFiles/cmTC_603ca.dir/CMakeCCompilerABI.c.o.d -skip-unused-modulemap-deps -MT CMakeFiles/cmTC_603ca.dir/CMakeCCompilerABI.c.o -sys-header-deps -isysroot /Library/Developer/CommandLineTools/SDKs/MacOSX14.4.sdk -internal-isystem /Library/Developer/CommandLineTools/SDKs/MacOSX14.4.sdk/usr/local/include -internal-isystem /Library/Developer/CommandLineTools/usr/lib/clang/15.0.0/include -internal-externc-isystem /Library/Developer/CommandLineTools/SDKs/MacOSX14.4.sdk/usr/include -internal-externc-isystem /Library/Developer/CommandLineTools/usr/include -Wno-reorder-init-list -Wno-implicit-int-float-conversion -Wno-c99-designator -Wno-final-dtor-non-final-class -Wno-extra-semi-stmt -Wno-misleading-indentation -Wno-quoted-include-in-framework-header -Wno-implicit-fallthrough -Wno-enum-enum-conversion -Wno-enum-float-conversion -Wno-elaborated-enum-base -Wno-reserved-identifier -Wno-gnu-folding-constant -fdebug-compilation-dir=/Users/movsesyanae/Programming/CMSC858N/Parallel-Suffix-Array/Debug/CMakeFiles/CMakeScratch/TryCompile-rvW5QE -ferror-limit 19 -stack-protector 1 -fstack-check -mdarwin-stkchk-strong-link -fblocks -fencode-extended-block-signature -fregister-global-dtors-with-atexit -fgnuc-version=4.2.1 -fmax-type-align=16 -fcommon -clang-vendor-feature=+disableNonDependentMemberExprInCurrentInstantiation -fno-odr-hash-protocols -clang-vendor-feature=+enableAggressiveVLAFolding -clang-vendor-feature=+revert09abecef7bbf -clang-vendor-feature=+thisNoAlignAttr -clang-vendor-feature=+thisNoNullAttr -mllvm -disable-aligned-alloc-awareness=1 -D__GCC_HAVE_DWARF2_CFI_ASM=1 -o CMakeFiles/cmTC_603ca.dir/CMakeCCompilerABI.c.o -x c /opt/homebrew/Cellar/cmake/3.25.2/share/cmake/Modules/CMakeCCompilerABI.c
clang -cc1 version 15.0.0 (clang-1500.3.9.4) default target arm64-apple-darwin23.4.0
ignoring nonexistent directory "/Library/Developer/CommandLineTools/SDKs/MacOSX14.4.sdk/usr/local/include"
ignoring nonexistent directory "/Library/Developer/CommandLineTools/SDKs/MacOSX14.4.sdk/Library/Frameworks"
#include "..." search starts here:
#include <...> search starts here:
 /Library/Developer/CommandLineTools/usr/lib/clang/15.0.0/include
 /Library/Developer/CommandLineTools/SDKs/MacOSX14.4.sdk/usr/include
 /Library/Developer/CommandLineTools/usr/include
 /Library/Developer/CommandLineTools/SDKs/MacOSX14.4.sdk/System/Library/Frameworks (framework directory)
End of search list.
Linking C executable cmTC_603ca
/opt/homebrew/Cellar/cmake/3.25.2/bin/cmake -E cmake_link_script CMakeFiles/cmTC_603ca.dir/link.txt --verbose=1
/Library/Developer/CommandLineTools/usr/bin/cc  -arch arm64 -isysroot /Library/Developer/CommandLineTools/SDKs/MacOSX14.4.sdk -Wl,-search_paths_first -Wl,-headerpad_max_install_names -L/opt/homebrew/opt/libomp/lib -v -Wl,-v CMakeFiles/cmTC_603ca.dir/CMakeCCompilerABI.c.o -o cmTC_603ca 
Apple clang version 15.0.0 (clang-1500.3.9.4)
Target: arm64-apple-darwin23.4.0
Thread model: posix
InstalledDir: /Library/Developer/CommandLineTools/usr/bin
 "/Library/Developer/CommandLineTools/usr/bin/ld" -demangle -lto_library /Library/Developer/CommandLineTools/usr/lib/libLTO.dylib -dynamic -arch arm64 -platform_version macos 14.0.0 14.4 -syslibroot /Library/Developer/CommandLineTools/SDKs/MacOSX14.4.sdk -o cmTC_603ca -L/opt/homebrew/opt/libomp/lib -search_paths_first -headerpad_max_install_names -v CMakeFiles/cmTC_603ca.dir/CMakeCCompilerABI.c.o -lSystem /Library/Developer/CommandLineTools/usr/lib/clang/15.0.0/lib/darwin/libclang_rt.osx.a
@(#)PROGRAM:ld PROJECT:ld-1053.12
BUILD 15:45:29 Feb  3 2024
configured to support archs: armv6 armv7 armv7s arm64 arm64e arm64_32 i386 x86_64 x86_64h armv6m armv7k armv7m armv7em
will use ld-classic for: armv6 armv7 armv7s arm64_32 i386 armv6m armv7k armv7m armv7em
LTO support using: LLVM version 15.0.0 (static support for 29, runtime is 29)
TAPI support using: Apple TAPI version 15.0.0 (tapi-1500.3.2.2)
Library search paths:
	/opt/homebrew/opt/libomp/lib
	/Library/Developer/CommandLineTools/SDKs/MacOSX14.4.sdk/usr/lib
	/Library/Developer/CommandLineTools/SDKs/MacOSX14.4.sdk/usr/lib/swift
Framework search paths:
	/Library/Developer/CommandLineTools/SDKs/MacOSX14.4.sdk/System/Library/Frameworks



Parsed C implicit include dir info from above output: rv=done
  found start of include info
  found start of implicit include info
    add: [/Library/Developer/CommandLineTools/usr/lib/clang/15.0.0/include]
    add: [/Library/Developer/CommandLineTools/SDKs/MacOSX14.4.sdk/usr/include]
    add: [/Library/Developer/CommandLineTools/usr/include]
  end of search list found
  collapse include dir [/Library/Developer/CommandLineTools/usr/lib/clang/15.0.0/include] ==> [/Library/Developer/CommandLineTools/usr/lib/clang/15.0.0/include]
  collapse include dir [/Library/Developer/CommandLineTools/SDKs/MacOSX14.4.sdk/usr/include] ==> [/Library/Developer/CommandLineTools/SDKs/MacOSX14.4.sdk/usr/include]
  collapse include dir [/Library/Developer/CommandLineTools/usr/include] ==> [/Library/Developer/CommandLineTools/usr/include]
  implicit include dirs: [/Library/Developer/CommandLineTools/usr/lib/clang/15.0.0/include;/Library/Developer/CommandLineTools/SDKs/MacOSX14.4.sdk/usr/include;/Library/Developer/CommandLineTools/usr/include]


Parsed C implicit link information from above output:
  link line regex: [^( *|.*[/\])(ld|CMAKE_LINK_STARTFILE-NOTFOUND|([^/\]+-)?ld|collect2)[^/\]*( |$)]
  ignore line: [Change Dir: /Users/movsesyanae/Programming/CMSC858N/Parallel-Suffix-Array/Debug/CMakeFiles/CMakeScratch/TryCompile-rvW5QE]
  ignore line: []
  ignore line: [Run Build Command(s):/usr/bin/make -f Makefile cmTC_603ca/fast && /Library/Developer/CommandLineTools/usr/bin/make  -f CMakeFiles/cmTC_603ca.dir/build.make CMakeFiles/cmTC_603ca.dir/build]
  ignore line: [Building C object CMakeFiles/cmTC_603ca.dir/CMakeCCompilerABI.c.o]
  ignore line: [/Library/Developer/CommandLineTools/usr/bin/cc   -arch arm64 -isysroot /Library/Developer/CommandLineTools/SDKs/MacOSX14.4.sdk   -v -Wl -v -MD -MT CMakeFiles/cmTC_603ca.dir/CMakeCCompilerABI.c.o -MF CMakeFiles/cmTC_603ca.dir/CMakeCCompilerABI.c.o.d -o CMakeFiles/cmTC_603ca.dir/CMakeCCompilerABI.c.o -c /opt/homebrew/Cellar/cmake/3.25.2/share/cmake/Modules/CMakeCCompilerABI.c]
  ignore line: [Apple clang version 15.0.0 (clang-1500.3.9.4)]
  ignore line: [Target: arm64-apple-darwin23.4.0]
  ignore line: [Thread model: posix]
  ignore line: [InstalledDir: /Library/Developer/CommandLineTools/usr/bin]
  ignore line: [clang: warning: -Wl -v: 'linker' input unused [-Wunused-command-line-argument]]
  ignore line: [ "/Library/Developer/CommandLineTools/usr/bin/clang" -cc1 -triple arm64-apple-macosx14.0.0 -Wundef-prefix=TARGET_OS_ -Wdeprecated-objc-isa-usage -Werror=deprecated-objc-isa-usage -Werror=implicit-function-declaration -emit-obj -mrelax-all --mrelax-relocations -disable-free -clear-ast-before-backend -disable-llvm-verifier -discard-value-names -main-file-name CMakeCCompilerABI.c -mrelocation-model pic -pic-level 2 -mframe-pointer=non-leaf -fno-strict-return -ffp-contract=on -fno-rounding-math -funwind-tables=1 -fobjc-msgsend-selector-stubs -target-sdk-version=14.4 -fvisibility-inlines-hidden-static-local-var -target-cpu apple-m1 -target-feature +v8.5a -target-feature +crc -target-feature +lse -target-feature +rdm -target-feature +crypto -target-feature +dotprod -target-feature +fp-armv8 -target-feature +neon -target-feature +fp16fml -target-feature +ras -target-feature +rcpc -target-feature +zcm -target-feature +zcz -target-feature +fullfp16 -target-feature +sm4 -target-feature +sha3 -target-feature +sha2 -target-feature +aes -target-abi darwinpcs -debugger-tuning=lldb -target-linker-version 1053.12 -v -fcoverage-compilation-dir=/Users/movsesyanae/Programming/CMSC858N/Parallel-Suffix-Array/Debug/CMakeFiles/CMakeScratch/TryCompile-rvW5QE -resource-dir /Library/Developer/CommandLineTools/usr/lib/clang/15.0.0 -dependency-file CMakeFiles/cmTC_603ca.dir/CMakeCCompilerABI.c.o.d -skip-unused-modulemap-deps -MT CMakeFiles/cmTC_603ca.dir/CMakeCCompilerABI.c.o -sys-header-deps -isysroot /Library/Developer/CommandLineTools/SDKs/MacOSX14.4.sdk -internal-isystem /Library/Developer/CommandLineTools/SDKs/MacOSX14.4.sdk/usr/local/include -internal-isystem /Library/Developer/CommandLineTools/usr/lib/clang/15.0.0/include -internal-externc-isystem /Library/Developer/CommandLineTools/SDKs/MacOSX14.4.sdk/usr/include -internal-externc-isystem /Library/Developer/CommandLineTools/usr/include -Wno-reorder-init-list -Wno-implicit-int-float-conversion -Wno-c99-designator -Wno-final-dtor-non-final-class -Wno-extra-semi-stmt -Wno-misleading-indentation -Wno-quoted-include-in-framework-header -Wno-implicit-fallthrough -Wno-enum-enum-conversion -Wno-enum-float-conversion -Wno-elaborated-enum-base -Wno-reserved-identifier -Wno-gnu-folding-constant -fdebug-compilation-dir=/Users/movsesyanae/Programming/CMSC858N/Parallel-Suffix-Array/Debug/CMakeFiles/CMakeScratch/TryCompile-rvW5QE -ferror-limit 19 -stack-protector 1 -fstack-check -mdarwin-stkchk-strong-link -fblocks -fencode-extended-block-signature -fregister-global-dtors-with-atexit -fgnuc-version=4.2.1 -fmax-type-align=16 -fcommon -clang-vendor-feature=+disableNonDependentMemberExprInCurrentInstantiation -fno-odr-hash-protocols -clang-vendor-feature=+enableAggressiveVLAFolding -clang-vendor-feature=+revert09abecef7bbf -clang-vendor-feature=+thisNoAlignAttr -clang-vendor-feature=+thisNoNullAttr -mllvm -disable-aligned-alloc-awareness=1 -D__GCC_HAVE_DWARF2_CFI_ASM=1 -o CMakeFiles/cmTC_603ca.dir/CMakeCCompilerABI.c.o -x c /opt/homebrew/Cellar/cmake/3.25.2/share/cmake/Modules/CMakeCCompilerABI.c]
  ignore line: [clang -cc1 version 15.0.0 (clang-1500.3.9.4) default target arm64-apple-darwin23.4.0]
  ignore line: [ignoring nonexistent directory "/Library/Developer/CommandLineTools/SDKs/MacOSX14.4.sdk/usr/local/include"]
  ignore line: [ignoring nonexistent directory "/Library/Developer/CommandLineTools/SDKs/MacOSX14.4.sdk/Library/Frameworks"]
  ignore line: [#include "..." search starts here:]
  ignore line: [#include <...> search starts here:]
  ignore line: [ /Library/Developer/CommandLineTools/usr/lib/clang/15.0.0/include]
  ignore line: [ /Library/Developer/CommandLineTools/SDKs/MacOSX14.4.sdk/usr/include]
  ignore line: [ /Library/Developer/CommandLineTools/usr/include]
  ignore line: [ /Library/Developer/CommandLineTools/SDKs/MacOSX14.4.sdk/System/Library/Frameworks (framework directory)]
  ignore line: [End of search list.]
  ignore line: [Linking C executable cmTC_603ca]
  ignore line: [/opt/homebrew/Cellar/cmake/3.25.2/bin/cmake -E cmake_link_script CMakeFiles/cmTC_603ca.dir/link.txt --verbose=1]
  ignore line: [/Library/Developer/CommandLineTools/usr/bin/cc  -arch arm64 -isysroot /Library/Developer/CommandLineTools/SDKs/MacOSX14.4.sdk -Wl -search_paths_first -Wl -headerpad_max_install_names -L/opt/homebrew/opt/libomp/lib -v -Wl -v CMakeFiles/cmTC_603ca.dir/CMakeCCompilerABI.c.o -o cmTC_603ca ]
  ignore line: [Apple clang version 15.0.0 (clang-1500.3.9.4)]
  ignore line: [Target: arm64-apple-darwin23.4.0]
  ignore line: [Thread model: posix]
  ignore line: [InstalledDir: /Library/Developer/CommandLineTools/usr/bin]
  link line: [ "/Library/Developer/CommandLineTools/usr/bin/ld" -demangle -lto_library /Library/Developer/CommandLineTools/usr/lib/libLTO.dylib -dynamic -arch arm64 -platform_version macos 14.0.0 14.4 -syslibroot /Library/Developer/CommandLineTools/SDKs/MacOSX14.4.sdk -o cmTC_603ca -L/opt/homebrew/opt/libomp/lib -search_paths_first -headerpad_max_install_names -v CMakeFiles/cmTC_603ca.dir/CMakeCCompilerABI.c.o -lSystem /Library/Developer/CommandLineTools/usr/lib/clang/15.0.0/lib/darwin/libclang_rt.osx.a]
    arg [/Library/Developer/CommandLineTools/usr/bin/ld] ==> ignore
    arg [-demangle] ==> ignore
    arg [-lto_library] ==> ignore, skip following value
    arg [/Library/Developer/CommandLineTools/usr/lib/libLTO.dylib] ==> skip value of -lto_library
    arg [-dynamic] ==> ignore
    arg [-arch] ==> ignore
    arg [arm64] ==> ignore
    arg [-platform_version] ==> ignore
    arg [macos] ==> ignore
    arg [14.0.0] ==> ignore
    arg [14.4] ==> ignore
    arg [-syslibroot] ==> ignore
    arg [/Library/Developer/CommandLineTools/SDKs/MacOSX14.4.sdk] ==> ignore
    arg [-o] ==> ignore
    arg [cmTC_603ca] ==> ignore
    arg [-L/opt/homebrew/opt/libomp/lib] ==> dir [/opt/homebrew/opt/libomp/lib]
    arg [-search_paths_first] ==> ignore
    arg [-headerpad_max_install_names] ==> ignore
    arg [-v] ==> ignore
    arg [CMakeFiles/cmTC_603ca.dir/CMakeCCompilerABI.c.o] ==> ignore
    arg [-lSystem] ==> lib [System]
    arg [/Library/Developer/CommandLineTools/usr/lib/clang/15.0.0/lib/darwin/libclang_rt.osx.a] ==> lib [/Library/Developer/CommandLineTools/usr/lib/clang/15.0.0/lib/darwin/libclang_rt.osx.a]
  Library search paths: [;/opt/homebrew/opt/libomp/lib;/Library/Developer/CommandLineTools/SDKs/MacOSX14.4.sdk/usr/lib;/Library/Developer/CommandLineTools/SDKs/MacOSX14.4.sdk/usr/lib/swift]
  Framework search paths: [;/Library/Developer/CommandLineTools/SDKs/MacOSX14.4.sdk/System/Library/Frameworks]
  remove lib [System]
  remove lib [/Library/Developer/CommandLineTools/usr/lib/clang/15.0.0/lib/darwin/libclang_rt.osx.a]
  collapse library dir [/opt/homebrew/opt/libomp/lib] ==> [/opt/homebrew/opt/libomp/lib]
  collapse library dir [/opt/homebrew/opt/libomp/lib] ==> [/opt/homebrew/opt/libomp/lib]
  collapse library dir [/Library/Developer/CommandLineTools/SDKs/MacOSX14.4.sdk/usr/lib] ==> [/Library/Developer/CommandLineTools/SDKs/MacOSX14.4.sdk/usr/lib]
  collapse library dir [/Library/Developer/CommandLineTools/SDKs/MacOSX14.4.sdk/usr/lib/swift] ==> [/Library/Developer/CommandLineTools/SDKs/MacOSX14.4.sdk/usr/lib/swift]
  collapse framework dir [/Library/Developer/CommandLineTools/SDKs/MacOSX14.4.sdk/System/Library/Frameworks] ==> [/Library/Developer/CommandLineTools/SDKs/MacOSX14.4.sdk/System/Library/Frameworks]
  implicit libs: []
  implicit objs: []
  implicit dirs: [/opt/homebrew/opt/libomp/lib;/Library/Developer/CommandLineTools/SDKs/MacOSX14.4.sdk/usr/lib;/Library/Developer/CommandLineTools/SDKs/MacOSX14.4.sdk/usr/lib/swift]
  implicit fwks: [/Library/Developer/CommandLineTools/SDKs/MacOSX14.4.sdk/System/Library/Frameworks]


Detecting CXX compiler ABI info compiled with the following output:
Change Dir: /Users/movsesyanae/Programming/CMSC858N/Parallel-Suffix-Array/Debug/CMakeFiles/CMakeScratch/TryCompile-PGzeOJ

Run Build Command(s):/usr/bin/make -f Makefile cmTC_cef7f/fast && /Library/Developer/CommandLineTools/usr/bin/make  -f CMakeFiles/cmTC_cef7f.dir/build.make CMakeFiles/cmTC_cef7f.dir/build
Building CXX object CMakeFiles/cmTC_cef7f.dir/CMakeCXXCompilerABI.cpp.o
/opt/homebrew/Cellar/llvm/17.0.6_1/bin/clang++   -arch arm64 -isysroot /Library/Developer/CommandLineTools/SDKs/MacOSX14.4.sdk   -v -Wl,-v -MD -MT CMakeFiles/cmTC_cef7f.dir/CMakeCXXCompilerABI.cpp.o -MF CMakeFiles/cmTC_cef7f.dir/CMakeCXXCompilerABI.cpp.o.d -o CMakeFiles/cmTC_cef7f.dir/CMakeCXXCompilerABI.cpp.o -c /opt/homebrew/Cellar/cmake/3.25.2/share/cmake/Modules/CMakeCXXCompilerABI.cpp
Homebrew clang version 17.0.6
Target: arm64-apple-darwin23.4.0
Thread model: posix
InstalledDir: /opt/homebrew/Cellar/llvm/17.0.6_1/bin
clang++: warning: -Wl,-v: 'linker' input unused [-Wunused-command-line-argument]
 (in-process)
 "/opt/homebrew/Cellar/llvm/17.0.6_1/bin/clang-17" -cc1 -triple arm64-apple-macosx14.0.0 -Wundef-prefix=TARGET_OS_ -Werror=undef-prefix -Wdeprecated-objc-isa-usage -Werror=deprecated-objc-isa-usage -emit-obj -mrelax-all -disable-free -clear-ast-before-backend -disable-llvm-verifier -discard-value-names -main-file-name CMakeCXXCompilerABI.cpp -mrelocation-model pic -pic-level 2 -mframe-pointer=non-leaf -ffp-contract=on -fno-rounding-math -funwind-tables=1 -target-sdk-version=14.4 -fcompatibility-qualified-id-block-type-checking -fvisibility-inlines-hidden-static-local-var -target-cpu apple-m1 -target-feature +v8.5a -target-feature +aes -target-feature +crc -target-feature +dotprod -target-feature +fp-armv8 -target-feature +fp16fml -target-feature +lse -target-feature +ras -target-feature +rcpc -target-feature +rdm -target-feature +sha2 -target-feature +sha3 -target-feature +neon -target-feature +zcm -target-feature +zcz -target-feature +fullfp16 -target-abi darwinpcs -debugger-tuning=lldb -target-linker-version 1022.1 -v -fcoverage-compilation-dir=/Users/movsesyanae/Programming/CMSC858N/Parallel-Suffix-Array/Debug/CMakeFiles/CMakeScratch/TryCompile-PGzeOJ -resource-dir /opt/homebrew/Cellar/llvm/17.0.6_1/lib/clang/17 -dependency-file CMakeFiles/cmTC_cef7f.dir/CMakeCXXCompilerABI.cpp.o.d -MT CMakeFiles/cmTC_cef7f.dir/CMakeCXXCompilerABI.cpp.o -sys-header-deps -isysroot /Library/Developer/CommandLineTools/SDKs/MacOSX14.4.sdk -internal-isystem /opt/homebrew/Cellar/llvm/17.0.6_1/bin/../include/c++/v1 -internal-isystem /Library/Developer/CommandLineTools/SDKs/MacOSX14.4.sdk/usr/local/include -internal-isystem /opt/homebrew/Cellar/llvm/17.0.6_1/lib/clang/17/include -internal-externc-isystem /Library/Developer/CommandLineTools/SDKs/MacOSX14.4.sdk/usr/include -fdeprecated-macro -fdebug-compilation-dir=/Users/movsesyanae/Programming/CMSC858N/Parallel-Suffix-Array/Debug/CMakeFiles/CMakeScratch/TryCompile-PGzeOJ -ferror-limit 19 -stack-protector 1 -fblocks -fencode-extended-block-signature -fregister-global-dtors-with-atexit -fgnuc-version=4.2.1 -fcxx-exceptions -fexceptions -fmax-type-align=16 -D__GCC_HAVE_DWARF2_CFI_ASM=1 -o CMakeFiles/cmTC_cef7f.dir/CMakeCXXCompilerABI.cpp.o -x c++ /opt/homebrew/Cellar/cmake/3.25.2/share/cmake/Modules/CMakeCXXCompilerABI.cpp
clang -cc1 version 17.0.6 based upon LLVM 17.0.6 default target arm64-apple-darwin23.4.0
ignoring nonexistent directory "/Library/Developer/CommandLineTools/SDKs/MacOSX14.4.sdk/usr/local/include"
ignoring nonexistent directory "/Library/Developer/CommandLineTools/SDKs/MacOSX14.4.sdk/Library/Frameworks"
#include "..." search starts here:
#include <...> search starts here:
 /opt/homebrew/Cellar/llvm/17.0.6_1/bin/../include/c++/v1
 /opt/homebrew/Cellar/llvm/17.0.6_1/lib/clang/17/include
 /Library/Developer/CommandLineTools/SDKs/MacOSX14.4.sdk/usr/include
 /Library/Developer/CommandLineTools/SDKs/MacOSX14.4.sdk/System/Library/Frameworks (framework directory)
End of search list.
Linking CXX executable cmTC_cef7f
/opt/homebrew/Cellar/cmake/3.25.2/bin/cmake -E cmake_link_script CMakeFiles/cmTC_cef7f.dir/link.txt --verbose=1
/opt/homebrew/Cellar/llvm/17.0.6_1/bin/clang++  -arch arm64 -isysroot /Library/Developer/CommandLineTools/SDKs/MacOSX14.4.sdk -Wl,-search_paths_first -Wl,-headerpad_max_install_names -L/opt/homebrew/opt/libomp/lib -v -Wl,-v CMakeFiles/cmTC_cef7f.dir/CMakeCXXCompilerABI.cpp.o -o cmTC_cef7f 
Homebrew clang version 17.0.6
Target: arm64-apple-darwin23.4.0
Thread model: posix
InstalledDir: /opt/homebrew/Cellar/llvm/17.0.6_1/bin
 "/Users/movsesyanae/Programming/Tools/miniconda3/miniconda3/bin/ld" -demangle -lto_library /opt/homebrew/Cellar/llvm/17.0.6_1/lib/libLTO.dylib -dynamic -arch arm64 -platform_version macos 14.0.0 14.4 -syslibroot /Library/Developer/CommandLineTools/SDKs/MacOSX14.sdk -o cmTC_cef7f -L/opt/homebrew/opt/libomp/lib -search_paths_first -headerpad_max_install_names -v CMakeFiles/cmTC_cef7f.dir/CMakeCXXCompilerABI.cpp.o -lc++ -lSystem /opt/homebrew/Cellar/llvm/17.0.6_1/lib/clang/17/lib/darwin/libclang_rt.osx.a
@(#)PROGRAM:ld  PROJECT:ld64-530
BUILD 07:38:32 Sep  7 2022
configured to support archs: armv6 armv7 armv7s arm64 arm64e arm64_32 i386 x86_64 x86_64h armv6m armv7k armv7m armv7em (tvOS)
Library search paths:
	/opt/homebrew/opt/libomp/lib
	/Library/Developer/CommandLineTools/SDKs/MacOSX14.sdk/usr/lib
Framework search paths:
	/Library/Developer/CommandLineTools/SDKs/MacOSX14.sdk/System/Library/Frameworks/



Parsed CXX implicit include dir info from above output: rv=done
  found start of include info
  found start of implicit include info
    add: [/opt/homebrew/Cellar/llvm/17.0.6_1/bin/../include/c++/v1]
    add: [/opt/homebrew/Cellar/llvm/17.0.6_1/lib/clang/17/include]
    add: [/Library/Developer/CommandLineTools/SDKs/MacOSX14.4.sdk/usr/include]
  end of search list found
  collapse include dir [/opt/homebrew/Cellar/llvm/17.0.6_1/bin/../include/c++/v1] ==> [/opt/homebrew/Cellar/llvm/17.0.6_1/include/c++/v1]
  collapse include dir [/opt/homebrew/Cellar/llvm/17.0.6_1/lib/clang/17/include] ==> [/opt/homebrew/Cellar/llvm/17.0.6_1/lib/clang/17/include]
  collapse include dir [/Library/Developer/CommandLineTools/SDKs/MacOSX14.4.sdk/usr/include] ==> [/Library/Developer/CommandLineTools/SDKs/MacOSX14.4.sdk/usr/include]
  implicit include dirs: [/opt/homebrew/Cellar/llvm/17.0.6_1/include/c++/v1;/opt/homebrew/Cellar/llvm/17.0.6_1/lib/clang/17/include;/Library/Developer/CommandLineTools/SDKs/MacOSX14.4.sdk/usr/include]


Parsed CXX implicit link information from above output:
  link line regex: [^( *|.*[/\])(ld|CMAKE_LINK_STARTFILE-NOTFOUND|([^/\]+-)?ld|collect2)[^/\]*( |$)]
  ignore line: [Change Dir: /Users/movsesyanae/Programming/CMSC858N/Parallel-Suffix-Array/Debug/CMakeFiles/CMakeScratch/TryCompile-PGzeOJ]
  ignore line: []
  ignore line: [Run Build Command(s):/usr/bin/make -f Makefile cmTC_cef7f/fast && /Library/Developer/CommandLineTools/usr/bin/make  -f CMakeFiles/cmTC_cef7f.dir/build.make CMakeFiles/cmTC_cef7f.dir/build]
  ignore line: [Building CXX object CMakeFiles/cmTC_cef7f.dir/CMakeCXXCompilerABI.cpp.o]
  ignore line: [/opt/homebrew/Cellar/llvm/17.0.6_1/bin/clang++   -arch arm64 -isysroot /Library/Developer/CommandLineTools/SDKs/MacOSX14.4.sdk   -v -Wl -v -MD -MT CMakeFiles/cmTC_cef7f.dir/CMakeCXXCompilerABI.cpp.o -MF CMakeFiles/cmTC_cef7f.dir/CMakeCXXCompilerABI.cpp.o.d -o CMakeFiles/cmTC_cef7f.dir/CMakeCXXCompilerABI.cpp.o -c /opt/homebrew/Cellar/cmake/3.25.2/share/cmake/Modules/CMakeCXXCompilerABI.cpp]
  ignore line: [Homebrew clang version 17.0.6]
  ignore line: [Target: arm64-apple-darwin23.4.0]
  ignore line: [Thread model: posix]
  ignore line: [InstalledDir: /opt/homebrew/Cellar/llvm/17.0.6_1/bin]
  ignore line: [clang++: warning: -Wl -v: 'linker' input unused [-Wunused-command-line-argument]]
  ignore line: [ (in-process)]
  ignore line: [ "/opt/homebrew/Cellar/llvm/17.0.6_1/bin/clang-17" -cc1 -triple arm64-apple-macosx14.0.0 -Wundef-prefix=TARGET_OS_ -Werror=undef-prefix -Wdeprecated-objc-isa-usage -Werror=deprecated-objc-isa-usage -emit-obj -mrelax-all -disable-free -clear-ast-before-backend -disable-llvm-verifier -discard-value-names -main-file-name CMakeCXXCompilerABI.cpp -mrelocation-model pic -pic-level 2 -mframe-pointer=non-leaf -ffp-contract=on -fno-rounding-math -funwind-tables=1 -target-sdk-version=14.4 -fcompatibility-qualified-id-block-type-checking -fvisibility-inlines-hidden-static-local-var -target-cpu apple-m1 -target-feature +v8.5a -target-feature +aes -target-feature +crc -target-feature +dotprod -target-feature +fp-armv8 -target-feature +fp16fml -target-feature +lse -target-feature +ras -target-feature +rcpc -target-feature +rdm -target-feature +sha2 -target-feature +sha3 -target-feature +neon -target-feature +zcm -target-feature +zcz -target-feature +fullfp16 -target-abi darwinpcs -debugger-tuning=lldb -target-linker-version 1022.1 -v -fcoverage-compilation-dir=/Users/movsesyanae/Programming/CMSC858N/Parallel-Suffix-Array/Debug/CMakeFiles/CMakeScratch/TryCompile-PGzeOJ -resource-dir /opt/homebrew/Cellar/llvm/17.0.6_1/lib/clang/17 -dependency-file CMakeFiles/cmTC_cef7f.dir/CMakeCXXCompilerABI.cpp.o.d -MT CMakeFiles/cmTC_cef7f.dir/CMakeCXXCompilerABI.cpp.o -sys-header-deps -isysroot /Library/Developer/CommandLineTools/SDKs/MacOSX14.4.sdk -internal-isystem /opt/homebrew/Cellar/llvm/17.0.6_1/bin/../include/c++/v1 -internal-isystem /Library/Developer/CommandLineTools/SDKs/MacOSX14.4.sdk/usr/local/include -internal-isystem /opt/homebrew/Cellar/llvm/17.0.6_1/lib/clang/17/include -internal-externc-isystem /Library/Developer/CommandLineTools/SDKs/MacOSX14.4.sdk/usr/include -fdeprecated-macro -fdebug-compilation-dir=/Users/movsesyanae/Programming/CMSC858N/Parallel-Suffix-Array/Debug/CMakeFiles/CMakeScratch/TryCompile-PGzeOJ -ferror-limit 19 -stack-protector 1 -fblocks -fencode-extended-block-signature -fregister-global-dtors-with-atexit -fgnuc-version=4.2.1 -fcxx-exceptions -fexceptions -fmax-type-align=16 -D__GCC_HAVE_DWARF2_CFI_ASM=1 -o CMakeFiles/cmTC_cef7f.dir/CMakeCXXCompilerABI.cpp.o -x c++ /opt/homebrew/Cellar/cmake/3.25.2/share/cmake/Modules/CMakeCXXCompilerABI.cpp]
  ignore line: [clang -cc1 version 17.0.6 based upon LLVM 17.0.6 default target arm64-apple-darwin23.4.0]
  ignore line: [ignoring nonexistent directory "/Library/Developer/CommandLineTools/SDKs/MacOSX14.4.sdk/usr/local/include"]
  ignore line: [ignoring nonexistent directory "/Library/Developer/CommandLineTools/SDKs/MacOSX14.4.sdk/Library/Frameworks"]
  ignore line: [#include "..." search starts here:]
  ignore line: [#include <...> search starts here:]
  ignore line: [ /opt/homebrew/Cellar/llvm/17.0.6_1/bin/../include/c++/v1]
  ignore line: [ /opt/homebrew/Cellar/llvm/17.0.6_1/lib/clang/17/include]
  ignore line: [ /Library/Developer/CommandLineTools/SDKs/MacOSX14.4.sdk/usr/include]
  ignore line: [ /Library/Developer/CommandLineTools/SDKs/MacOSX14.4.sdk/System/Library/Frameworks (framework directory)]
  ignore line: [End of search list.]
  ignore line: [Linking CXX executable cmTC_cef7f]
  ignore line: [/opt/homebrew/Cellar/cmake/3.25.2/bin/cmake -E cmake_link_script CMakeFiles/cmTC_cef7f.dir/link.txt --verbose=1]
  ignore line: [/opt/homebrew/Cellar/llvm/17.0.6_1/bin/clang++  -arch arm64 -isysroot /Library/Developer/CommandLineTools/SDKs/MacOSX14.4.sdk -Wl -search_paths_first -Wl -headerpad_max_install_names -L/opt/homebrew/opt/libomp/lib -v -Wl -v CMakeFiles/cmTC_cef7f.dir/CMakeCXXCompilerABI.cpp.o -o cmTC_cef7f ]
  ignore line: [Homebrew clang version 17.0.6]
  ignore line: [Target: arm64-apple-darwin23.4.0]
  ignore line: [Thread model: posix]
  ignore line: [InstalledDir: /opt/homebrew/Cellar/llvm/17.0.6_1/bin]
  link line: [ "/Users/movsesyanae/Programming/Tools/miniconda3/miniconda3/bin/ld" -demangle -lto_library /opt/homebrew/Cellar/llvm/17.0.6_1/lib/libLTO.dylib -dynamic -arch arm64 -platform_version macos 14.0.0 14.4 -syslibroot /Library/Developer/CommandLineTools/SDKs/MacOSX14.sdk -o cmTC_cef7f -L/opt/homebrew/opt/libomp/lib -search_paths_first -headerpad_max_install_names -v CMakeFiles/cmTC_cef7f.dir/CMakeCXXCompilerABI.cpp.o -lc++ -lSystem /opt/homebrew/Cellar/llvm/17.0.6_1/lib/clang/17/lib/darwin/libclang_rt.osx.a]
    arg [/Users/movsesyanae/Programming/Tools/miniconda3/miniconda3/bin/ld] ==> ignore
    arg [-demangle] ==> ignore
    arg [-lto_library] ==> ignore, skip following value
    arg [/opt/homebrew/Cellar/llvm/17.0.6_1/lib/libLTO.dylib] ==> skip value of -lto_library
    arg [-dynamic] ==> ignore
    arg [-arch] ==> ignore
    arg [arm64] ==> ignore
    arg [-platform_version] ==> ignore
    arg [macos] ==> ignore
    arg [14.0.0] ==> ignore
    arg [14.4] ==> ignore
    arg [-syslibroot] ==> ignore
    arg [/Library/Developer/CommandLineTools/SDKs/MacOSX14.sdk] ==> ignore
    arg [-o] ==> ignore
    arg [cmTC_cef7f] ==> ignore
    arg [-L/opt/homebrew/opt/libomp/lib] ==> dir [/opt/homebrew/opt/libomp/lib]
    arg [-search_paths_first] ==> ignore
    arg [-headerpad_max_install_names] ==> ignore
    arg [-v] ==> ignore
    arg [CMakeFiles/cmTC_cef7f.dir/CMakeCXXCompilerABI.cpp.o] ==> ignore
    arg [-lc++] ==> lib [c++]
    arg [-lSystem] ==> lib [System]
    arg [/opt/homebrew/Cellar/llvm/17.0.6_1/lib/clang/17/lib/darwin/libclang_rt.osx.a] ==> lib [/opt/homebrew/Cellar/llvm/17.0.6_1/lib/clang/17/lib/darwin/libclang_rt.osx.a]
  Library search paths: [;/opt/homebrew/opt/libomp/lib;/Library/Developer/CommandLineTools/SDKs/MacOSX14.sdk/usr/lib]
  Framework search paths: [;/Library/Developer/CommandLineTools/SDKs/MacOSX14.sdk/System/Library/Frameworks/]
  remove lib [System]
  remove lib [/opt/homebrew/Cellar/llvm/17.0.6_1/lib/clang/17/lib/darwin/libclang_rt.osx.a]
  collapse library dir [/opt/homebrew/opt/libomp/lib] ==> [/opt/homebrew/opt/libomp/lib]
  collapse library dir [/opt/homebrew/opt/libomp/lib] ==> [/opt/homebrew/opt/libomp/lib]
  collapse library dir [/Library/Developer/CommandLineTools/SDKs/MacOSX14.sdk/usr/lib] ==> [/Library/Developer/CommandLineTools/SDKs/MacOSX14.sdk/usr/lib]
  collapse framework dir [/Library/Developer/CommandLineTools/SDKs/MacOSX14.sdk/System/Library/Frameworks/] ==> [/Library/Developer/CommandLineTools/SDKs/MacOSX14.sdk/System/Library/Frameworks]
  implicit libs: [c++]
  implicit objs: []
  implicit dirs: [/opt/homebrew/opt/libomp/lib;/Library/Developer/CommandLineTools/SDKs/MacOSX14.sdk/usr/lib]
  implicit fwks: [/Library/Developer/CommandLineTools/SDKs/MacOSX14.sdk/System/Library/Frameworks]


Detecting CXX OpenMP compiler ABI info compiled with the following output:
Change Dir: /Users/movsesyanae/Programming/CMSC858N/Parallel-Suffix-Array/Debug/CMakeFiles/CMakeScratch/TryCompile-yS44pu

Run Build Command(s):/usr/bin/make -f Makefile cmTC_8412e/fast && /Library/Developer/CommandLineTools/usr/bin/make  -f CMakeFiles/cmTC_8412e.dir/build.make CMakeFiles/cmTC_8412e.dir/build
Building CXX object CMakeFiles/cmTC_8412e.dir/OpenMPTryFlag.cpp.o
/opt/homebrew/Cellar/llvm/17.0.6_1/bin/clang++   -fopenmp=libomp -v -arch arm64 -isysroot /Library/Developer/CommandLineTools/SDKs/MacOSX14.4.sdk -MD -MT CMakeFiles/cmTC_8412e.dir/OpenMPTryFlag.cpp.o -MF CMakeFiles/cmTC_8412e.dir/OpenMPTryFlag.cpp.o.d -o CMakeFiles/cmTC_8412e.dir/OpenMPTryFlag.cpp.o -c /Users/movsesyanae/Programming/CMSC858N/Parallel-Suffix-Array/Debug/CMakeFiles/CMakeScratch/TryCompile-yS44pu/OpenMPTryFlag.cpp
Homebrew clang version 17.0.6
Target: arm64-apple-darwin23.4.0
Thread model: posix
InstalledDir: /opt/homebrew/Cellar/llvm/17.0.6_1/bin
 (in-process)
 "/opt/homebrew/Cellar/llvm/17.0.6_1/bin/clang-17" -cc1 -triple arm64-apple-macosx14.0.0 -Wundef-prefix=TARGET_OS_ -Werror=undef-prefix -Wdeprecated-objc-isa-usage -Werror=deprecated-objc-isa-usage -emit-obj -mrelax-all -disable-free -clear-ast-before-backend -disable-llvm-verifier -discard-value-names -main-file-name OpenMPTryFlag.cpp -mrelocation-model pic -pic-level 2 -mframe-pointer=non-leaf -ffp-contract=on -fno-rounding-math -funwind-tables=1 -target-sdk-version=14.4 -fcompatibility-qualified-id-block-type-checking -fvisibility-inlines-hidden-static-local-var -target-cpu apple-m1 -target-feature +v8.5a -target-feature +aes -target-feature +crc -target-feature +dotprod -target-feature +fp-armv8 -target-feature +fp16fml -target-feature +lse -target-feature +ras -target-feature +rcpc -target-feature +rdm -target-feature +sha2 -target-feature +sha3 -target-feature +neon -target-feature +zcm -target-feature +zcz -target-feature +fullfp16 -target-abi darwinpcs -debugger-tuning=lldb -target-linker-version 1022.1 -v -fcoverage-compilation-dir=/Users/movsesyanae/Programming/CMSC858N/Parallel-Suffix-Array/Debug/CMakeFiles/CMakeScratch/TryCompile-yS44pu -resource-dir /opt/homebrew/Cellar/llvm/17.0.6_1/lib/clang/17 -dependency-file CMakeFiles/cmTC_8412e.dir/OpenMPTryFlag.cpp.o.d -MT CMakeFiles/cmTC_8412e.dir/OpenMPTryFlag.cpp.o -sys-header-deps -isysroot /Library/Developer/CommandLineTools/SDKs/MacOSX14.4.sdk -internal-isystem /opt/homebrew/Cellar/llvm/17.0.6_1/bin/../include/c++/v1 -internal-isystem /Library/Developer/CommandLineTools/SDKs/MacOSX14.4.sdk/usr/local/include -internal-isystem /opt/homebrew/Cellar/llvm/17.0.6_1/lib/clang/17/include -internal-externc-isystem /Library/Developer/CommandLineTools/SDKs/MacOSX14.4.sdk/usr/include -fdeprecated-macro -fdebug-compilation-dir=/Users/movsesyanae/Programming/CMSC858N/Parallel-Suffix-Array/Debug/CMakeFiles/CMakeScratch/TryCompile-yS44pu -ferror-limit 19 -fopenmp -stack-protector 1 -fblocks -fencode-extended-block-signature -fregister-global-dtors-with-atexit -fgnuc-version=4.2.1 -fcxx-exceptions -fexceptions -fmax-type-align=16 -D__GCC_HAVE_DWARF2_CFI_ASM=1 -o CMakeFiles/cmTC_8412e.dir/OpenMPTryFlag.cpp.o -x c++ /Users/movsesyanae/Programming/CMSC858N/Parallel-Suffix-Array/Debug/CMakeFiles/CMakeScratch/TryCompile-yS44pu/OpenMPTryFlag.cpp
clang -cc1 version 17.0.6 based upon LLVM 17.0.6 default target arm64-apple-darwin23.4.0
ignoring nonexistent directory "/Library/Developer/CommandLineTools/SDKs/MacOSX14.4.sdk/usr/local/include"
ignoring nonexistent directory "/Library/Developer/CommandLineTools/SDKs/MacOSX14.4.sdk/Library/Frameworks"
#include "..." search starts here:
#include <...> search starts here:
 /opt/homebrew/Cellar/llvm/17.0.6_1/bin/../include/c++/v1
 /opt/homebrew/Cellar/llvm/17.0.6_1/lib/clang/17/include
 /Library/Developer/CommandLineTools/SDKs/MacOSX14.4.sdk/usr/include
 /Library/Developer/CommandLineTools/SDKs/MacOSX14.4.sdk/System/Library/Frameworks (framework directory)
End of search list.
Linking CXX executable cmTC_8412e
/opt/homebrew/Cellar/cmake/3.25.2/bin/cmake -E cmake_link_script CMakeFiles/cmTC_8412e.dir/link.txt --verbose=1
/opt/homebrew/Cellar/llvm/17.0.6_1/bin/clang++  -fopenmp=libomp -v -arch arm64 -isysroot /Library/Developer/CommandLineTools/SDKs/MacOSX14.4.sdk -Wl,-search_paths_first -Wl,-headerpad_max_install_names -L/opt/homebrew/opt/libomp/lib  CMakeFiles/cmTC_8412e.dir/OpenMPTryFlag.cpp.o -o cmTC_8412e  -v -Wl,-v 
Homebrew clang version 17.0.6
Target: arm64-apple-darwin23.4.0
Thread model: posix
InstalledDir: /opt/homebrew/Cellar/llvm/17.0.6_1/bin
 "/Users/movsesyanae/Programming/Tools/miniconda3/miniconda3/bin/ld" -demangle -lto_library /opt/homebrew/Cellar/llvm/17.0.6_1/lib/libLTO.dylib -dynamic -arch arm64 -platform_version macos 14.0.0 14.4 -syslibroot /Library/Developer/CommandLineTools/SDKs/MacOSX14.sdk -o cmTC_8412e -L/opt/homebrew/opt/libomp/lib -search_paths_first -headerpad_max_install_names CMakeFiles/cmTC_8412e.dir/OpenMPTryFlag.cpp.o -v -lomp -L/opt/homebrew/Cellar/llvm/17.0.6_1/lib -lc++ -lSystem /opt/homebrew/Cellar/llvm/17.0.6_1/lib/clang/17/lib/darwin/libclang_rt.osx.a
@(#)PROGRAM:ld  PROJECT:ld64-530
BUILD 07:38:32 Sep  7 2022
configured to support archs: armv6 armv7 armv7s arm64 arm64e arm64_32 i386 x86_64 x86_64h armv6m armv7k armv7m armv7em (tvOS)
Library search paths:
	/opt/homebrew/opt/libomp/lib
	/opt/homebrew/Cellar/llvm/17.0.6_1/lib
	/Library/Developer/CommandLineTools/SDKs/MacOSX14.sdk/usr/lib
Framework search paths:
	/Library/Developer/CommandLineTools/SDKs/MacOSX14.sdk/System/Library/Frameworks/



Parsed CXX OpenMP implicit link information from above output:
  link line regex: [^( *|.*[/\])(ld|CMAKE_LINK_STARTFILE-NOTFOUND|([^/\]+-)?ld|collect2)[^/\]*( |$)]
  ignore line: [Change Dir: /Users/movsesyanae/Programming/CMSC858N/Parallel-Suffix-Array/Debug/CMakeFiles/CMakeScratch/TryCompile-yS44pu]
  ignore line: []
  ignore line: [Run Build Command(s):/usr/bin/make -f Makefile cmTC_8412e/fast && /Library/Developer/CommandLineTools/usr/bin/make  -f CMakeFiles/cmTC_8412e.dir/build.make CMakeFiles/cmTC_8412e.dir/build]
  ignore line: [Building CXX object CMakeFiles/cmTC_8412e.dir/OpenMPTryFlag.cpp.o]
  ignore line: [/opt/homebrew/Cellar/llvm/17.0.6_1/bin/clang++   -fopenmp=libomp -v -arch arm64 -isysroot /Library/Developer/CommandLineTools/SDKs/MacOSX14.4.sdk -MD -MT CMakeFiles/cmTC_8412e.dir/OpenMPTryFlag.cpp.o -MF CMakeFiles/cmTC_8412e.dir/OpenMPTryFlag.cpp.o.d -o CMakeFiles/cmTC_8412e.dir/OpenMPTryFlag.cpp.o -c /Users/movsesyanae/Programming/CMSC858N/Parallel-Suffix-Array/Debug/CMakeFiles/CMakeScratch/TryCompile-yS44pu/OpenMPTryFlag.cpp]
  ignore line: [Homebrew clang version 17.0.6]
  ignore line: [Target: arm64-apple-darwin23.4.0]
  ignore line: [Thread model: posix]
  ignore line: [InstalledDir: /opt/homebrew/Cellar/llvm/17.0.6_1/bin]
  ignore line: [ (in-process)]
  ignore line: [ "/opt/homebrew/Cellar/llvm/17.0.6_1/bin/clang-17" -cc1 -triple arm64-apple-macosx14.0.0 -Wundef-prefix=TARGET_OS_ -Werror=undef-prefix -Wdeprecated-objc-isa-usage -Werror=deprecated-objc-isa-usage -emit-obj -mrelax-all -disable-free -clear-ast-before-backend -disable-llvm-verifier -discard-value-names -main-file-name OpenMPTryFlag.cpp -mrelocation-model pic -pic-level 2 -mframe-pointer=non-leaf -ffp-contract=on -fno-rounding-math -funwind-tables=1 -target-sdk-version=14.4 -fcompatibility-qualified-id-block-type-checking -fvisibility-inlines-hidden-static-local-var -target-cpu apple-m1 -target-feature +v8.5a -target-feature +aes -target-feature +crc -target-feature +dotprod -target-feature +fp-armv8 -target-feature +fp16fml -target-feature +lse -target-feature +ras -target-feature +rcpc -target-feature +rdm -target-feature +sha2 -target-feature +sha3 -target-feature +neon -target-feature +zcm -target-feature +zcz -target-feature +fullfp16 -target-abi darwinpcs -debugger-tuning=lldb -target-linker-version 1022.1 -v -fcoverage-compilation-dir=/Users/movsesyanae/Programming/CMSC858N/Parallel-Suffix-Array/Debug/CMakeFiles/CMakeScratch/TryCompile-yS44pu -resource-dir /opt/homebrew/Cellar/llvm/17.0.6_1/lib/clang/17 -dependency-file CMakeFiles/cmTC_8412e.dir/OpenMPTryFlag.cpp.o.d -MT CMakeFiles/cmTC_8412e.dir/OpenMPTryFlag.cpp.o -sys-header-deps -isysroot /Library/Developer/CommandLineTools/SDKs/MacOSX14.4.sdk -internal-isystem /opt/homebrew/Cellar/llvm/17.0.6_1/bin/../include/c++/v1 -internal-isystem /Library/Developer/CommandLineTools/SDKs/MacOSX14.4.sdk/usr/local/include -internal-isystem /opt/homebrew/Cellar/llvm/17.0.6_1/lib/clang/17/include -internal-externc-isystem /Library/Developer/CommandLineTools/SDKs/MacOSX14.4.sdk/usr/include -fdeprecated-macro -fdebug-compilation-dir=/Users/movsesyanae/Programming/CMSC858N/Parallel-Suffix-Array/Debug/CMakeFiles/CMakeScratch/TryCompile-yS44pu -ferror-limit 19 -fopenmp -stack-protector 1 -fblocks -fencode-extended-block-signature -fregister-global-dtors-with-atexit -fgnuc-version=4.2.1 -fcxx-exceptions -fexceptions -fmax-type-align=16 -D__GCC_HAVE_DWARF2_CFI_ASM=1 -o CMakeFiles/cmTC_8412e.dir/OpenMPTryFlag.cpp.o -x c++ /Users/movsesyanae/Programming/CMSC858N/Parallel-Suffix-Array/Debug/CMakeFiles/CMakeScratch/TryCompile-yS44pu/OpenMPTryFlag.cpp]
  ignore line: [clang -cc1 version 17.0.6 based upon LLVM 17.0.6 default target arm64-apple-darwin23.4.0]
  ignore line: [ignoring nonexistent directory "/Library/Developer/CommandLineTools/SDKs/MacOSX14.4.sdk/usr/local/include"]
  ignore line: [ignoring nonexistent directory "/Library/Developer/CommandLineTools/SDKs/MacOSX14.4.sdk/Library/Frameworks"]
  ignore line: [#include "..." search starts here:]
  ignore line: [#include <...> search starts here:]
  ignore line: [ /opt/homebrew/Cellar/llvm/17.0.6_1/bin/../include/c++/v1]
  ignore line: [ /opt/homebrew/Cellar/llvm/17.0.6_1/lib/clang/17/include]
  ignore line: [ /Library/Developer/CommandLineTools/SDKs/MacOSX14.4.sdk/usr/include]
  ignore line: [ /Library/Developer/CommandLineTools/SDKs/MacOSX14.4.sdk/System/Library/Frameworks (framework directory)]
  ignore line: [End of search list.]
  ignore line: [Linking CXX executable cmTC_8412e]
  ignore line: [/opt/homebrew/Cellar/cmake/3.25.2/bin/cmake -E cmake_link_script CMakeFiles/cmTC_8412e.dir/link.txt --verbose=1]
  ignore line: [/opt/homebrew/Cellar/llvm/17.0.6_1/bin/clang++  -fopenmp=libomp -v -arch arm64 -isysroot /Library/Developer/CommandLineTools/SDKs/MacOSX14.4.sdk -Wl -search_paths_first -Wl -headerpad_max_install_names -L/opt/homebrew/opt/libomp/lib  CMakeFiles/cmTC_8412e.dir/OpenMPTryFlag.cpp.o -o cmTC_8412e  -v -Wl -v ]
  ignore line: [Homebrew clang version 17.0.6]
  ignore line: [Target: arm64-apple-darwin23.4.0]
  ignore line: [Thread model: posix]
  ignore line: [InstalledDir: /opt/homebrew/Cellar/llvm/17.0.6_1/bin]
  link line: [ "/Users/movsesyanae/Programming/Tools/miniconda3/miniconda3/bin/ld" -demangle -lto_library /opt/homebrew/Cellar/llvm/17.0.6_1/lib/libLTO.dylib -dynamic -arch arm64 -platform_version macos 14.0.0 14.4 -syslibroot /Library/Developer/CommandLineTools/SDKs/MacOSX14.sdk -o cmTC_8412e -L/opt/homebrew/opt/libomp/lib -search_paths_first -headerpad_max_install_names CMakeFiles/cmTC_8412e.dir/OpenMPTryFlag.cpp.o -v -lomp -L/opt/homebrew/Cellar/llvm/17.0.6_1/lib -lc++ -lSystem /opt/homebrew/Cellar/llvm/17.0.6_1/lib/clang/17/lib/darwin/libclang_rt.osx.a]
    arg [/Users/movsesyanae/Programming/Tools/miniconda3/miniconda3/bin/ld] ==> ignore
    arg [-demangle] ==> ignore
    arg [-lto_library] ==> ignore, skip following value
    arg [/opt/homebrew/Cellar/llvm/17.0.6_1/lib/libLTO.dylib] ==> skip value of -lto_library
    arg [-dynamic] ==> ignore
    arg [-arch] ==> ignore
    arg [arm64] ==> ignore
    arg [-platform_version] ==> ignore
    arg [macos] ==> ignore
    arg [14.0.0] ==> ignore
    arg [14.4] ==> ignore
    arg [-syslibroot] ==> ignore
    arg [/Library/Developer/CommandLineTools/SDKs/MacOSX14.sdk] ==> ignore
    arg [-o] ==> ignore
    arg [cmTC_8412e] ==> ignore
    arg [-L/opt/homebrew/opt/libomp/lib] ==> dir [/opt/homebrew/opt/libomp/lib]
    arg [-search_paths_first] ==> ignore
    arg [-headerpad_max_install_names] ==> ignore
    arg [CMakeFiles/cmTC_8412e.dir/OpenMPTryFlag.cpp.o] ==> ignore
    arg [-v] ==> ignore
    arg [-lomp] ==> lib [omp]
    arg [-L/opt/homebrew/Cellar/llvm/17.0.6_1/lib] ==> dir [/opt/homebrew/Cellar/llvm/17.0.6_1/lib]
    arg [-lc++] ==> lib [c++]
    arg [-lSystem] ==> lib [System]
    arg [/opt/homebrew/Cellar/llvm/17.0.6_1/lib/clang/17/lib/darwin/libclang_rt.osx.a] ==> lib [/opt/homebrew/Cellar/llvm/17.0.6_1/lib/clang/17/lib/darwin/libclang_rt.osx.a]
  Library search paths: [;/opt/homebrew/opt/libomp/lib;/opt/homebrew/Cellar/llvm/17.0.6_1/lib;/Library/Developer/CommandLineTools/SDKs/MacOSX14.sdk/usr/lib]
  Framework search paths: [;/Library/Developer/CommandLineTools/SDKs/MacOSX14.sdk/System/Library/Frameworks/]
  remove lib [System]
  remove lib [/opt/homebrew/Cellar/llvm/17.0.6_1/lib/clang/17/lib/darwin/libclang_rt.osx.a]
  collapse library dir [/opt/homebrew/opt/libomp/lib] ==> [/opt/homebrew/opt/libomp/lib]
  collapse library dir [/opt/homebrew/Cellar/llvm/17.0.6_1/lib] ==> [/opt/homebrew/Cellar/llvm/17.0.6_1/lib]
  collapse library dir [/opt/homebrew/opt/libomp/lib] ==> [/opt/homebrew/opt/libomp/lib]
  collapse library dir [/opt/homebrew/Cellar/llvm/17.0.6_1/lib] ==> [/opt/homebrew/Cellar/llvm/17.0.6_1/lib]
  collapse library dir [/Library/Developer/CommandLineTools/SDKs/MacOSX14.sdk/usr/lib] ==> [/Library/Developer/CommandLineTools/SDKs/MacOSX14.sdk/usr/lib]
  collapse framework dir [/Library/Developer/CommandLineTools/SDKs/MacOSX14.sdk/System/Library/Frameworks/] ==> [/Library/Developer/CommandLineTools/SDKs/MacOSX14.sdk/System/Library/Frameworks]
  implicit libs: [omp;c++]
  implicit objs: []
  implicit dirs: [/opt/homebrew/opt/libomp/lib;/opt/homebrew/Cellar/llvm/17.0.6_1/lib;/Library/Developer/CommandLineTools/SDKs/MacOSX14.sdk/usr/lib]
  implicit fwks: [/Library/Developer/CommandLineTools/SDKs/MacOSX14.sdk/System/Library/Frameworks]


